parse start 2025-06-29 00:46:59.054124
build_DAG success. finsh: 28090
subarea 6753263 of 三沙市(2833102) is missing
parse relation finished 2025-06-29 00:47:12.888632
way count expect: 33790, way count actual: 33744
boundary 福建省(553303) process fail
boundary 泉州市(2666969) process fail
boundary 亚东县 གྲོ་མོ་རྫོང།(2744888) process fail
boundary 龙海区(3242114) process fail
boundary 漳州市(3242122) process fail
boundary 厦门市(3242930) process fail
boundary 翔安区(3243087) process fail
boundary 长乐区(3263965) process fail
boundary 连江县(3263969) process fail
boundary 平潭县(3263974) process fail
boundary 秀屿区(3276847) process fail
boundary 莆田市(3276849) process fail
boundary 霞浦县(3277232) process fail
boundary 宁德市(3277236) process fail
boundary 惠安县(4430444) process fail
boundary 晋江市(4430445) process fail
boundary 石狮市(4430448) process fail
boundary 平潭综合实验区(19021056) process fail
parse way fail count: 18
parse way finished 2025-06-29 00:56:58.981799
parse start 2025-06-29 00:56:58.981842
build_DAG success. finsh: 8166
parse relation finished 2025-06-29 00:57:01.828433
way count expect: 4526, way count actual: 4522
parse way fail count: 0
parse way finished 2025-06-29 00:57:51.289667
total boundary count: 3339 

root nodes:

中国(270056), name_en: China, name_zh: 中国, admin_level: 2

total boundary count: 193 

root nodes:

臺灣(449220), name_en: Taiwan, name_zh: 臺灣, admin_level: 2

total boundary count: 3532 

root nodes:

中国(270056), name_en: China, name_zh: 中国, admin_level: 2

└──中国(2)
   ├──澳門 Macau(3)
   │  ├──氹仔 Taipa(5)
   │  │  └──嘉模堂區 Nossa Senhora do Carmo(6)
   │  ├──路氹填海區 Zona do Aterro de Cotai(6)
   │  ├──路環 Coloane(5)
   │  │  └──聖方濟各堂區 São Francisco Xavier(6)
   │  ├──花王堂區 Santo António(6)
   │  ├──花地瑪堂區 Nossa Senhora de Fátima(6)
   │  ├──大堂區 Sé(6)
   │  ├──望德堂區 São Lázaro(6)
   │  └──風順堂區 São Lourenço(6)
   ├──香港 Hong Kong(3)
   │  ├──元朗區 Yuen Long District(6)
   │  ├──北區 North District(6)
   │  ├──屯門區 Tuen Mun District(6)
   │  ├──大埔區 Tai Po District(6)
   │  ├──葵青區 Kwai Tsing District(6)
   │  ├──西貢區 Sai Kung District(6)
   │  ├──荃灣區 Tsuen Wan District(6)
   │  ├──觀塘區 Kwun Tong District(6)
   │  ├──深水埗區 Sham Shui Po District(6)
   │  ├──黃大仙區 Wong Tai Sin District(6)
   │  ├──油尖旺區 Yau Tsim Mong District(6)
   │  ├──中西區 Central and Western District(6)
   │  ├──東區 Eastern District(6)
   │  ├──南區 Southern District(6)
   │  ├──灣仔區 Wan Chai District(6)
   │  ├──九龍城區 Kowloon City District(6)
   │  ├──沙田區 Sha Tin District(6)
   │  └──離島區 Islands District(6)
   ├──天津市(4)
   │  ├──静海区(6)
   │  ├──东丽区(6)
   │  ├──北辰区(6)
   │  ├──南开区(6)
   │  ├──蓟州区(6)
   │  ├──宝坻区(6)
   │  ├──西青区(6)
   │  ├──红桥区(6)
   │  ├──和平区(6)
   │  ├──津南区(6)
   │  ├──滨海新区(6)
   │  ├──河西区(6)
   │  ├──武清区(6)
   │  ├──河北区(6)
   │  ├──河东区(6)
   │  └──宁河区(6)
   ├──上海市(4)
   │  ├──黄浦区(6)
   │  ├──徐汇区(6)
   │  ├──长宁区(6)
   │  ├──静安区(6)
   │  ├──普陀区(6)
   │  ├──虹口区(6)
   │  ├──杨浦区(6)
   │  ├──闵行区(6)
   │  ├──宝山区(6)
   │  ├──嘉定区(6)
   │  ├──浦东新区(6)
   │  ├──金山区(6)
   │  ├──松江区(6)
   │  ├──青浦区(6)
   │  ├──奉贤区(6)
   │  └──崇明区(6)
   ├──重庆市(4)
   │  ├──永川区(6)
   │  ├──城口县(6)
   │  ├──大足区(6)
   │  ├──奉节县(6)
   │  ├──开州区(6)
   │  ├──梁平区(6)
   │  ├──铜梁区(6)
   │  ├──万州区(6)
   │  ├──巫山县(6)
   │  ├──巫溪县(6)
   │  ├──云阳县(6)
   │  ├──忠县(6)
   │  ├──酉阳土家族苗族自治县(6)
   │  ├──秀山土家族苗族自治县(6)
   │  ├──黔江区(6)
   │  ├──彭水苗族土家族自治县(6)
   │  ├──石柱土家族自治县(6)
   │  ├──垫江县(6)
   │  ├──丰都县(6)
   │  ├──涪陵区(6)
   │  ├──南川区(6)
   │  ├──武隆区(6)
   │  ├──大渡口区(6)
   │  ├──江北区(6)
   │  ├──南岸区(6)
   │  ├──沙坪坝区(6)
   │  ├──渝中区(6)
   │  ├──长寿区(6)
   │  ├──渝北区(6)
   │  ├──九龙坡区(6)
   │  ├──綦江区(6)
   │  │  └──万盛经济技术开发区(7)
   │  ├──江津区(6)
   │  ├──巴南区(6)
   │  ├──璧山区(6)
   │  ├──北碚区(6)
   │  ├──合川区(6)
   │  ├──潼南区(6)
   │  └──荣昌区(6)
   ├──北京市(4)
   │  ├──昌平区(6)
   │  ├──朝阳区(6)
   │  ├──大兴区(6)
   │  ├──东城区(6)
   │  ├──房山区(6)
   │  ├──丰台区(6)
   │  ├──海淀区(6)
   │  ├──怀柔区(6)
   │  ├──门头沟区(6)
   │  ├──密云区(6)
   │  ├──平谷区(6)
   │  ├──石景山区(6)
   │  ├──顺义区(6)
   │  ├──通州区(6)
   │  ├──西城区(6)
   │  └──延庆区(6)
   ├──内蒙古自治区 ᠦᠪᠦᠷ ᠮᠣᠩᠭᠤᠯ ᠤᠨ ᠥᠪᠡᠷᠲᠡᠭᠡᠨ ᠵᠠᠰᠠᠬᠣ ᠣᠷᠣᠨ(4)
   │  ├──兴安盟 ᠬᠢᠩᠭ᠋ᠠᠨ ᠠᠶᠢᠮᠠᠭ(5)
   │  │  ├──科尔沁右翼中旗 ᠬᠣᠷᠴᠢᠨ ᠪᠠᠷᠠᠭᠤᠨ ᠭᠠᠷᠤᠨ ᠳᠤᠮᠳᠠᠳᠤ ᠬᠣᠰᠢᠭᠤ(6)
   │  │  ├──扎赉特旗 ᠵᠠᠯᠠᠢᠳ ᠬᠣᠰᠢᠭᠤ(6)
   │  │  ├──乌兰浩特市 ᠤᠯᠠᠭᠠᠨᠬᠣᠲᠠ(6)
   │  │  ├──科尔沁右翼前旗 ᠬᠣᠷᠴᠢᠨ ᠪᠠᠷᠠᠭᠤᠨ ᠭᠠᠷᠤᠨ ᠡᠮᠦᠨᠡᠳᠦ ᠬᠣᠰᠢᠭᠤ(6)
   │  │  ├──突泉县 ᠲᠦᠴᠢᠤᠸᠠᠨ ᠰᠢᠶᠠᠨ(6)
   │  │  └──阿尔山市 ᠷᠠᠰᠢᠶᠠᠨ ᠬᠣᠲᠠ(6)
   │  ├──锡林郭勒盟 ᠰᠢᠯᠢ ᠶᠢᠨ ᠭᠣᠣᠯ ᠠᠶᠢᠮᠠᠭ(5)
   │  │  ├──苏尼特左旗 ᠰᠥᠨᠡᠳ ᠵᠡᠭᠦᠨ ᠬᠣᠰᠢᠭᠤ(6)
   │  │  ├──阿巴嘎旗 ᠠᠪᠠᠭ᠎ᠠ ᠬᠣᠰᠢᠭᠤ(6)
   │  │  ├──二连浩特市 ᠡᠷᠢᠶᠡᠨ ᠬᠣᠲᠠ(6)
   │  │  ├──镶黄旗 ᠬᠥᠪᠡᠭᠡᠲᠦ ᠰᠢᠷ᠎ᠠ ᠬᠣᠰᠢᠭᠤ(6)
   │  │  ├──苏尼特右旗 ᠰᠥᠨᠡᠳ ᠪᠠᠷᠠᠭᠤᠨ ᠬᠣᠰᠢᠭᠤ(6)
   │  │  ├──太仆寺旗 ᠲᠠᠶᠢᠫᠤᠰᠧ ᠬᠣᠰᠢᠭᠤ(6)
   │  │  ├──正镶白旗 ᠰᠢᠯᠤᠭᠤᠨ ᠬᠥᠪᠡᠭᠡᠲᠦ ᠴᠠᠭᠠᠨ ᠬᠣᠰᠢᠭᠤ(6)
   │  │  ├──多伦县 ᠳᠣᠯᠣᠨ ᠨᠠᠭᠤᠷ ᠰᠢᠶᠠᠨ(6)
   │  │  ├──正蓝旗 ᠰᠢᠯᠤᠭᠤᠨ ᠬᠥᠬᠡ ᠬᠣᠰᠢᠭᠤ(6)
   │  │  ├──锡林浩特市(6)
   │  │  ├──东乌珠穆沁旗 ᠵᠡᠭᠦᠨ ᠦᠵᠦᠮᠦᠴᠢᠨ ᠬᠣᠰᠢᠭᠤ(6)
   │  │  └──西乌珠穆沁旗 ᠪᠠᠷᠠᠭᠤᠨ ᠦᠵᠦᠮᠦᠴᠢᠨ ᠬᠣᠰᠢᠭᠤ(6)
   │  ├──赤峰市 ᠤᠯᠠᠭᠠᠨᠬᠠᠳᠠ ᠬᠣᠲᠠ(5)
   │  │  ├──巴林左旗 ᠪᠠᠭᠠᠷᠢᠨ ᠵᠡᠭᠦᠨ ᠬᠣᠰᠢᠭᠤ(6)
   │  │  ├──喀喇沁旗 ᠬᠠᠷᠠᠴᠢᠨ ᠬᠣᠰᠢᠭᠤ(6)
   │  │  ├──元宝山区 ᠶᠤᠸᠠᠨ ᠪᠣᠣ ᠱᠠᠨ ᠲᠣᠭᠣᠷᠢᠭ(6)
   │  │  ├──红山区 ᠬᠣᠩ ᠱᠠᠨ ᠲᠣᠭᠣᠷᠢᠭ(6)
   │  │  ├──宁城县 ᠨᠢᠩᠴᠧᠩ ᠰᠢᠶᠠᠨ(6)
   │  │  ├──松山区 ᠰᠦᠩ ᠱᠠᠨ ᠲᠣᠭᠣᠷᠢᠭ(6)
   │  │  ├──克什克腾旗 ᠬᠡᠰᠢᠭᠲᠡᠨ ᠬᠣᠰᠢᠭᠤ(6)
   │  │  ├──林西县 ᠯᠢᠨᠰᠢ ᠰᠢᠶᠠᠨ(6)
   │  │  ├──巴林右旗 ᠪᠠᠭᠠᠷᠢᠨ ᠪᠠᠷᠠᠭᠤᠨ ᠬᠣᠰᠢᠭᠤ(6)
   │  │  ├──翁牛特旗 ᠣᠩᠨᠢᠭᠤᠳ ᠬᠣᠰᠢᠭᠤ(6)
   │  │  ├──敖汉旗 ᠠᠤᠬᠠᠨ ᠬᠣᠰᠢᠭᠤ(6)
   │  │  └──阿鲁科尔沁旗 ᠠᠷᠤ ᠬᠣᠷᠴᠢᠨ ᠬᠣᠰᠢᠭᠤ(6)
   │  ├──通辽市 ᠲᠦᠩᠯᠢᠶᠣᠤ ᠬᠣᠲᠠ(5)
   │  │  ├──科尔沁区 ᠬᠣᠷᠴᠢᠨ ᠲᠣᠭᠣᠷᠢᠭ(6)
   │  │  ├──科尔沁左翼中旗 ᠬᠣᠷᠴᠢᠨ ᠵᠡᠭᠦᠨ ᠭᠠᠷᠤᠨ ᠳᠤᠮᠳᠠᠳᠤ ᠬᠣᠰᠢᠭᠤ(6)
   │  │  ├──科尔沁左翼后旗 ᠬᠣᠷᠴᠢᠨ ᠵᠡᠭᠦᠨ ᠭᠠᠷᠤᠨ ᠬᠣᠶᠢᠲᠤ ᠬᠣᠰᠢᠭᠤ(6)
   │  │  ├──开鲁县 ᠺᠠᠶᠢᠯᠦ ᠰᠢᠶᠠᠨ(6)
   │  │  ├──库伦旗 ᠬᠦᠷᠢᠶ᠎ᠡ ᠬᠣᠰᠢᠭᠤ(6)
   │  │  ├──奈曼旗 ᠨᠠᠢᠮᠠᠨ ᠬᠣᠰᠢᠭᠤ(6)
   │  │  ├──扎鲁特旗 ᠵᠠᠷᠤᠳ ᠬᠣᠰᠢᠭᠤ(6)
   │  │  └──霍林郭勒市 ᠬᠣᠣᠯᠢᠨ ᠭᠣᠣᠯ ᠬᠣᠲᠠ(6)
   │  ├──包头市 ᠪᠤᠭᠤᠲᠤ ᠬᠣᠲᠠ(5)
   │  │  ├──白云鄂博矿区 ᠪᠠᠶᠠᠨ ᠣᠪᠣᠭ᠎ᠠ ᠠᠭᠤᠷᠬᠠᠢ ᠶᠢᠨ ᠲᠣᠭᠣᠷᠢᠭ(6)
   │  │  ├──东河区(6)
   │  │  ├──达尔罕茂明安联合旗 ᠳᠠᠷᠬᠠᠨ ᠮᠤᠤᠮᠢᠩᠭ᠋ᠠᠨ ᠬᠣᠯᠪᠣᠭᠠᠲᠤ ᠬᠣᠰᠢᠭᠤ(6)
   │  │  ├──固阳县 ᠭᠦᠶᠡᠩ ᠰᠢᠶᠠᠨ(6)
   │  │  ├──昆都仑区 ᠬᠥᠨᠳᠡᠯᠡᠨ ᠲᠣᠭᠣᠷᠢᠭ(6)
   │  │  ├──九原区(6)
   │  │  │  └──包头市稀土高新区(7)
   │  │  ├──青山区(6)
   │  │  ├──石拐区(6)
   │  │  └──土默特右旗 ᠲᠦᠮᠡᠳ ᠪᠠᠷᠠᠭᠤᠨ ᠬᠣᠰᠢᠭᠤ(6)
   │  ├──乌兰察布市 ᠤᠯᠠᠭᠠᠨᠴᠠᠪ ᠬᠣᠲᠠ(5)
   │  │  ├──四子王旗 ᠳᠥᠷᠪᠡᠳ ᠬᠣᠰᠢᠭᠤ(6)
   │  │  ├──凉城县 ᠯᠢᠶᠠᠩᠴᠧᠩ ᠰᠢᠶᠠᠨ(6)
   │  │  ├──兴和县 ᠰᠢᠩ ᠾᠧ ᠰᠢᠶᠠᠨ(6)
   │  │  ├──丰镇市 ᠹᠧᠩᠵᠧᠨ ᠬᠣᠲᠠ(6)
   │  │  ├──察哈尔右翼中旗 ᠴᠠᠬᠠᠷ ᠪᠠᠷᠠᠭᠤᠨ ᠭᠠᠷᠤᠨ ᠳᠤᠮᠳᠠᠳᠤ ᠬᠣᠰᠢᠭᠤ(6)
   │  │  ├──卓资县 ᠵᠦᠸᠧᠽᠢ ᠰᠢᠶᠠᠨ(6)
   │  │  ├──集宁区 ᠵᠢᠨᠢᠩ ᠲᠣᠭᠣᠷᠢᠭ(6)
   │  │  ├──察哈尔右翼前旗 ᠴᠠᠬᠠᠷ ᠪᠠᠷᠠᠭᠤᠨ ᠭᠠᠷᠤᠨ ᠡᠮᠦᠨᠡᠳᠦ ᠬᠣᠰᠢᠭᠤ(6)
   │  │  ├──察哈尔右翼后旗 ᠴᠠᠬᠠᠷ ᠪᠠᠷᠠᠭᠤᠨ ᠭᠠᠷᠤᠨ ᠬᠣᠶᠢᠲᠤ ᠬᠣᠰᠢᠭᠤ(6)
   │  │  ├──化德县 ᠬᠤᠸᠠᠳ᠋ᠧ ᠰᠢᠶᠠᠨ(6)
   │  │  └──商都县 ᠱᠠᠩᠳᠤ ᠰᠢᠶᠠᠨ(6)
   │  ├──呼和浩特市 ᠬᠥᠬᠡᠬᠣᠲᠠ(5)
   │  │  ├──玉泉区 ᠢᠤᠢ ᠴᠢᠤᠸᠠᠨ ᠲᠣᠭᠣᠷᠢᠭ(6)
   │  │  ├──赛罕区 ᠰᠠᠶᠢᠬᠠᠨ ᠲᠣᠭᠣᠷᠢᠭ(6)
   │  │  ├──新城区 ᠰᠢᠨ᠎ᠡ ᠬᠣᠲᠠ ᠲᠣᠭᠣᠷᠢᠭ(6)
   │  │  ├──回民区 ᠬᠣᠲᠣᠩ ᠠᠷᠠᠳ ᠤᠨ ᠲᠣᠭᠣᠷᠢᠭ(6)
   │  │  ├──武川县 ᠦᠴᠤᠸᠠᠨ ᠰᠢᠶᠠᠨ(6)
   │  │  ├──土默特左旗 ᠲᠦᠮᠡᠳ ᠵᠡᠭᠦᠨ ᠬᠣᠰᠢᠭᠤ(6)
   │  │  ├──清水河县 ᠴᠢᠩ ᠱᠦᠢ ᠾᠧ ᠰᠢᠶᠠᠨ(6)
   │  │  ├──和林格尔县 ᠬᠣᠷᠢᠨᠭᠡᠷ ᠰᠢᠶᠠᠨ(6)
   │  │  └──托克托县 ᠲᠣᠭᠲᠠᠬᠤ ᠰᠢᠶᠠᠨ(6)
   │  ├──乌海市 ᠦᠬᠠᠢ ᠬᠣᠲᠠ(5)
   │  │  ├──海勃湾区 ᠬᠠᠶᠢᠷᠤᠪ ᠤᠨ ᠲᠣᠬᠣᠢ ᠲᠣᠭᠣᠷᠢᠭ(6)
   │  │  ├──海南区 ᠬᠠᠶᠢᠨᠠᠨ ᠲᠣᠭᠣᠷᠢᠭ(6)
   │  │  └──乌达区 ᠤᠳᠠ ᠲᠣᠭᠣᠷᠢᠭ(6)
   │  ├──巴彦淖尔市 ᠪᠠᠶᠠᠨᠨᠠᠭᠤᠷ ᠬᠣᠲᠠ(5)
   │  │  ├──临河区 ᠯᠢᠨᠾᠧ ᠲᠣᠭᠣᠷᠢᠭ(6)
   │  │  ├──磴口县 ᠳ᠋ᠧᠩᠺᠧᠦ ᠰᠢᠶᠠᠨ(6)
   │  │  ├──乌拉特后旗 ᠤᠷᠠᠳ ᠤᠨ ᠬᠣᠶᠢᠲᠤ ᠬᠣᠰᠢᠭᠤ(6)
   │  │  ├──乌拉特中旗 ᠤᠷᠠᠳ ᠤᠨ ᠳᠤᠮᠳᠠᠳᠤ ᠬᠣᠰᠢᠭᠤ(6)
   │  │  ├──乌拉特前旗 ᠤᠷᠠᠳ ᠤᠨ ᠡᠮᠦᠨᠡᠳᠦ ᠬᠣᠰᠢᠭᠤ(6)
   │  │  ├──五原县 ᠦᠶᠤᠸᠠᠨ ᠰᠢᠶᠠᠨ(6)
   │  │  └──杭锦后旗 ᠬᠠᠩᠭᠢᠨ ᠬᠣᠶᠢᠲᠤ ᠬᠣᠰᠢᠭᠤ(6)
   │  ├──阿拉善盟 ᠠᠯᠠᠱᠠ ᠠᠶᠢᠮᠠᠭ(5)
   │  │  ├──阿拉善左旗 ᠠᠯᠠᠱᠠ ᠵᠡᠭᠦᠨ ᠬᠣᠰᠢᠭᠤ(6)
   │  │  ├──阿拉善右旗 ᠠᠯᠠᠱᠠ ᠪᠠᠷᠠᠭᠤᠨ ᠬᠣᠰᠢᠭᠤ(6)
   │  │  └──额济纳旗 ᠡᠵᠡᠨ᠎ᠡ ᠬᠣᠰᠢᠭᠤ(6)
   │  ├──鄂尔多斯市(5)
   │  │  ├──康巴什区 ᠬᠢᠶ᠎ᠠ ᠪᠠᠭᠰᠢ ᠳᠤᠭᠤᠷᠢᠭ(6)
   │  │  ├──达拉特旗 ᠳᠠᠯᠠᠳ ᠬᠣᠰᠢᠭᠤ(6)
   │  │  ├──东胜区 ᠳ᠋ᠦᠩᠱᠧᠩ ᠲᠣᠭᠣᠷᠢᠭ(6)
   │  │  ├──杭锦旗 ᠬᠠᠩᠭᠢᠨ ᠬᠣᠰᠢᠭᠤ(6)
   │  │  ├──鄂托克前旗 ᠣᠲᠣᠭ ᠤᠨ ᠡᠮᠦᠨᠡᠳᠦ ᠬᠣᠰᠢᠭᠤ(6)
   │  │  ├──乌审旗 ᠦᠦᠰᠢᠨ ᠬᠣᠰᠢᠭᠤ(6)
   │  │  ├──伊金霍洛旗 ᠡᠵᠡᠨ ᠬᠣᠷᠣᠭ᠎ᠠ ᠬᠣᠰᠢᠭᠤ(6)
   │  │  ├──鄂托克旗 ᠣᠲᠣᠭ ᠬᠣᠰᠢᠭᠤ(6)
   │  │  └──准格尔旗 ᠵᠡᠭᠦᠨᠭᠠᠷ ᠬᠣᠰᠢᠭᠤ(6)
   │  └──呼伦贝尔市 ᠬᠥᠯᠥᠨ ᠪᠤᠶᠢᠷ(5)
   │     ├──额尔古纳市(6)
   │     ├──鄂温克族自治旗(6)
   │     ├──根河市 ᠭᠡᠭᠡᠨ ᠭᠣᠤᠯ ᠬᠣᠲᠠ(6)
   │     ├──海拉尔区 ᠬᠠᠶᠢᠯᠠᠷ(6)
   │     ├──满洲里市 ᠮᠠᠨᠵᠤᠤᠷ ᠬᠣᠲᠠ(6)
   │     ├──新巴尔虎左旗(6)
   │     ├──新巴尔虎右旗(6)
   │     ├──陈巴尔虎旗(6)
   │     ├──鄂伦春自治旗(6)
   │     ├──牙克石市(6)
   │     ├──扎兰屯市(6)
   │     ├──阿荣旗(6)
   │     ├──莫力达瓦达斡尔族自治旗(6)
   │     └──扎赉诺尔区 ᠵᠠᠯᠠᠢᠨᠠᠭᠤᠷ ᠲᠣᠭᠣᠷᠢᠭ(6)
   ├──西藏自治区 བོད་རང་སྐྱོང་ལྗོངས།(4)
   │  ├──拉萨市 ལྷ་ས་གྲོང་ཁྱེར།(5)
   │  │  ├──墨竹工卡县 མལ་གྲོ་གུང་དཀར་རྫོང་།(6)
   │  │  ├──达孜区 སྟག་རྩེ་ཆུས།(6)
   │  │  ├──当雄县 འདམ་གཞུང་རྫོང་།(6)
   │  │  ├──林周县 ལྷུན་གྲུབ་རྫོང(6)
   │  │  ├──城关区 ཁྲིན་ཀོན་ཆུས།(6)
   │  │  ├──堆龙德庆区 སྟོད་ལུང་བདེ་ཆེན་ཆུས།(6)
   │  │  ├──曲水县 ཆུ་ཤུར་རྫོང་།(6)
   │  │  ├──尼木县 སྙེ་མོ་རྫོང།(6)
   │  │  └──格尔木藏青工业园(7)
   │  ├──日喀则市 གཞིས་ཀ་རྩེ་གྲོང་ཁྱེར།(5)
   │  │  ├──岗巴县 གམ་པ་རྫོང།(6)
   │  │  ├──萨嘎县 ས་དགའ་རྫོང།(6)
   │  │  ├──聂拉木县 གཉའ་ལམ་རྫོང་(6)
   │  │  ├──吉隆县 སྐྱིད་གྲོང་རྫོང།(6)
   │  │  ├──亚东县 གྲོ་མོ་རྫོང།(6)
   │  │  ├──仲巴县 འབྲོང་པ་རྫོང།(6)
   │  │  ├──定结县 གཏིང་སྐྱེས་རྫོང།(6)
   │  │  ├──康马县 ཁང་དམར་རྫོང།(6)
   │  │  ├──仁布县 རིན་སྤུངས་རྫོང།(6)
   │  │  ├──白朗县 པ་སྣམ་རྫོང།(6)
   │  │  ├──谢通门县 བཞད་མཐོང་སྨོན་རྫོང།(6)
   │  │  ├──昂仁县 ངམ་རིང་རྫོང།(6)
   │  │  ├──拉孜县 ལྷ་རྩེ་རྫོང།(6)
   │  │  ├──萨迦县 ས་སྐྱ་རྫོང།(6)
   │  │  ├──定日县 དིང་རི་རྫོང།(6)
   │  │  ├──江孜县 རྒྱལ་རྩེ་རྫོང།(6)
   │  │  ├──南木林县 རྣམ་གླིང་རྫོང།(6)
   │  │  └──桑珠孜区 བསམ་འགྲུབ་རྩེ་ཆུས།(6)
   │  ├──昌都市 ཆབ་མདོ་ས་ཁུལ།(5)
   │  │  ├──边坝县 དཔལ་འབར་རྫོང།(6)
   │  │  ├──类乌齐县 རི་བོ་ཆེ་རྫོང།(6)
   │  │  ├──江达县 འཇོ་མདའ་རྫོང།(6)
   │  │  ├──察雅县 བྲག་གཡབ་རྫོང།(6)
   │  │  ├──贡觉县 གོ་འཇོ་རྫོང།(6)
   │  │  ├──芒康县 སྨར་ཁམས་རྫོང།(6)
   │  │  ├──左贡县 མཛོ་སྒང་རྫོང།(6)
   │  │  ├──八宿县 དཔའ་ཤོད་རྫོང།(6)
   │  │  ├──洛隆县 ལྷོ་རོང་རྫོང།(6)
   │  │  ├──卡若区 མཁར་རོ་ཆུས།(6)
   │  │  └──丁青县 སྟེང་ཆེན་རྫོང།(6)
   │  ├──林芝市 ཉིང་ཁྲི་གྲོང་ཁྱེར།(5)
   │  │  ├──巴宜区 བྲག་ཡིབ་ཆུས།(6)
   │  │  ├──波密县 སྤོ་མེས་རྫོང།(6)
   │  │  ├──察隅县 རྫ་ཡུལ་རྫོང།(6)
   │  │  ├──墨脱县 མེ་ཏོག་རྫོང།(6)
   │  │  ├──米林市 སྨན་གླིང་གྲོང་ཁྱེར།(6)
   │  │  ├──工布江达县 ཀོང་པོ་རྒྱ་མདའ་རྫོང།(6)
   │  │  └──朗县 སྣང་རྫོང།(6)
   │  ├──山南市 ལྷོ་ཁ་ས་ཁུལ།(5)
   │  │  ├──加查县 རྒྱ་ཚ་རྫོང།(6)
   │  │  ├──曲松县 ཆུ་གསུམ་རྫོང།(6)
   │  │  ├──琼结县 འཕྱོངས་རྒྱས་རྫོང།(6)
   │  │  ├──措美县 མཚོ་སྨད་རྫོང།(6)
   │  │  ├──隆子县 ལྷུན་རྩེ་རྫོང།(6)
   │  │  ├──错那市 མཚོ་སྣ་གྲོང་ཁྱེར།(6)
   │  │  ├──洛扎县 ལྷོ་བྲག་རྫོང།(6)
   │  │  ├──桑日县 ཟངས་རི་རྫོང།(6)
   │  │  ├──乃东区 སྣེ་གདོང་ཆུས།(6)
   │  │  ├──扎囊县 གྲ་ནང་རྫོང།(6)
   │  │  ├──贡嘎县 གོང་དཀར་རྫོང།(6)
   │  │  └──浪卡子县 སྣ་དཀར་རྩེ་རྫོང།(6)
   │  ├──那曲市 ནག་ཆུ་ས་ཁུལ།(5)
   │  │  ├──色尼区 གསེར་རྙེད་ཆུས།(6)
   │  │  ├──嘉黎县 ལྷ་རི་རྫོང།(6)
   │  │  ├──比如县 འབྲི་རུ་རྫོང།(6)
   │  │  ├──聂荣县 སྙན་རོང་རྫོང།(6)
   │  │  ├──安多县 ཨ་མདོ་རྫོང།(6)
   │  │  ├──申扎县 ཤན་རྩ་རྫོང།(6)
   │  │  ├──索县 སོག་རྫོང།(6)
   │  │  ├──班戈县 དཔལ་མགོན་རྫོང།(6)
   │  │  ├──巴青县 སྦྲ་ཆེན་རྫོང།(6)
   │  │  ├──尼玛县 ཉི་མ་རྫོང།(6)
   │  │  └──双湖县 མཚོ་གཉིས་རྫོང།(6)
   │  └──阿里地区 མངའ་རིས་ས་ཁུལ་(5)
   │     ├──普兰县 སྤུ་ཧྲེང་རྫོང་།(6)
   │     ├──札达县 རྩ་མདའ་རྫོང་།(6)
   │     ├──噶尔县 སྒར་རྫོང་།(6)
   │     ├──日土县 རུ་ཐོག་རྫོང་(6)
   │     ├──革吉县 དགེ་རྒྱས་རྫོང་།(6)
   │     ├──改则县 སྒེར་རྩེ་རྫོང་།(6)
   │     └──措勤县 མཚོ་ཆེན་རྫོང་།(6)
   ├──新疆维吾尔自治区 شىنجاڭ ئۇيغۇر ئاپتونوم رايونی(4)
   │  ├──乌鲁木齐市 ئۈرۈمچى(5)
   │  │  ├──天山区 تەڭرىتاغ رايونى(6)
   │  │  ├──沙依巴克区 سايباغ رايونى(6)
   │  │  ├──新市区(6)
   │  │  ├──水磨沟区 بۇلاقتاغ رايونى(6)
   │  │  ├──头屯河区 تۇدۇڭخابا(6)
   │  │  ├──达坂城区(6)
   │  │  ├──米东区 مىدوڭ(6)
   │  │  └──乌鲁木齐县 ئۈرۈمچى ناھىيىسى(6)
   │  ├──克拉玛依市 قاراماي شەھىرى(5)
   │  │  ├──独山子区 مايتاغ رايونى(6)
   │  │  ├──克拉玛依区 قاراماي رايونى(6)
   │  │  ├──白碱滩区 جەرەنبۇلاق رايونى(6)
   │  │  └──乌尔禾区 ئورقۇ رايونى(6)
   │  ├──吐鲁番市 تۇرپان شەھىرى(5)
   │  │  ├──托克逊县 توقسۇن ناھىيىسى(6)
   │  │  ├──高昌区 قاراھوجا رايونى(6)
   │  │  └──鄯善县 پىچان ناھىيىسى(6)
   │  ├──哈密市 قۇمۇل شەھىرى(5)
   │  │  ├──伊吾县 ئارا تۈرۈك ناھىيىسى(6)
   │  │  ├──巴里坤哈萨克自治县 باركۆل قازاق ئاپتونوم ناھىيىسى / باركول قازاق اۆتونوميالىق اۋدانى(6)
   │  │  └──伊州区 ئىۋىرغول نارايونى(6)
   │  ├──ئاقسۇ ۋىلايىتى - 阿克苏地区(5)
   │  │  ├──新和县 توقسۇ ناھىيىسى(6)
   │  │  ├──沙雅县(6)
   │  │  ├──库车市 كۇچار شەھىرى(6)
   │  │  ├──拜城县(6)
   │  │  ├──温宿县 ئونسۇ ناھىيىسى(6)
   │  │  ├──乌什县 ئۇچتۇرپان ناھىيىسى(6)
   │  │  ├──柯坪县 كەلپىن ناھىيىسى(6)
   │  │  ├──阿瓦提县 ئاۋات ناھىيىسى(6)
   │  │  └──阿克苏市 ئاقسۇ شەھىرى(6)
   │  ├──喀什地区 قەشقەر ۋىلايىتى(5)
   │  │  ├──伽师县 پەيزاۋات ناھىيىسى(6)
   │  │  ├──疏勒县 يېڭىشەھەر ناھىيىسى(6)
   │  │  ├──岳普湖县 يوپۇرغا ناھىيىسى(6)
   │  │  ├──喀什市 قەشقەر شەھىرى(6)
   │  │  ├──疏附县 كونا شەھەر ناھىيىسى(6)
   │  │  ├──英吉沙县(6)
   │  │  ├──麦盖提县 مەكىت ناھىيىسى(6)
   │  │  ├──叶城县 قاغىلىق ناھىيىسى(6)
   │  │  ├──泽普县 پوسكام ناھىيىسى(6)
   │  │  ├──莎车县 يەكەن ناھىيىسى(6)
   │  │  ├──塔什库尔干塔吉克自治县 تاشقۇرغان تاجیك ئاپتونوم ناھىيىسى(6)
   │  │  └──巴楚县 مارالبېشى ناھىيىسى(6)
   │  ├──和田地区 خوتەن ۋىلايىتى(5)
   │  │  ├──和田市 خوتەن شەھىرى(6)
   │  │  ├──和田县 خوتەن ناھىيىسى(6)
   │  │  ├──墨玉县 قاراقاش ناھىيىسى(6)
   │  │  ├──皮山县 گۇما ناھىيىسى(6)
   │  │  ├──洛浦县 لوپ ناھىيىسى(6)
   │  │  ├──策勒县 چىرا ناھىيىسى(6)
   │  │  ├──于田县 كېرىيە ناھىيىسى(6)
   │  │  ├──民丰县 نىيە ناھىيىسى(6)
   │  │  ├──和安县 خېان ناھىيىسى(6)
   │  │  └──和康县 خېكاڭ ناھىيىسى(6)
   │  ├──昌吉回族自治州 سانجى خۇيزۇ ئاپتونوم ئوبلاستى(5)
   │  │  ├──奇台县(6)
   │  │  ├──吉木萨尔县 جىمىسار ناھىيىسى(6)
   │  │  ├──阜康市 فۇكاڭ شەھىرى(6)
   │  │  ├──昌吉市 سانجى شەھىرى(6)
   │  │  ├──呼图壁县 قۇتۇبى ناھىيىسى(6)
   │  │  ├──玛纳斯县(6)
   │  │  └──木垒哈萨克自治县 موري قازاق اۆتونوميالى اۋدانى(6)
   │  ├──博尔塔拉蒙古自治州 ᠪᠣᠷᠣᠲᠠᠯ᠎ᠠ ᠶᠢᠨ ᠮᠣᠩᠭᠣᠯ ᠥᠪᠡᠷᠲᠡᠭᠡᠨ ᠵᠠᠰᠠᠬᠤ ᠵᠧᠦ(5)
   │  │  ├──博乐市 بۆرتالا شەھىرى ᠪᠣᠷᠣᠲᠠᠯ᠎ᠠ ᠬᠣᠲᠠ(6)
   │  │  ├──阿拉山口市 ئالاتاۋ ئېغىزى(6)
   │  │  ├──温泉县 ئارىشاڭ ناھىيىسى ᠷᠠᠰᠢᠶᠠᠨ ᠰᠢᠶᠠᠨ‎(6)
   │  │  └──精河县 جىڭ ناھىيىسى ᠵᠢᠩ ᠰᠢᠶᠠᠨ(6)
   │  ├──巴音郭楞蒙古自治州 بايىنغولىن موڭغۇل ئاپتونوم ئوبلاستى(5)
   │  │  ├──库尔勒市 كورلا شەھىرى(6)
   │  │  ├──轮台县(6)
   │  │  ├──尉犁县 لوپنۇر ناھىيىسى(6)
   │  │  ├──若羌县 چاقىلىق ناھىيىسى(6)
   │  │  ├──和静县 خېجىڭ ناھىيىسى(6)
   │  │  ├──且末县(6)
   │  │  ├──和硕县(6)
   │  │  ├──博湖县 باغراش ناھىيىسى ᠪᠣᠰᠲᠠᠨᠠᠭᠤᠷ ᠰᠢᠶᠠᠨ(6)
   │  │  └──焉耆回族自治县 يەنجى خۇيزۇ ئاپتونوم ناھىيىسى(6)
   │  ├──克孜勒苏柯尔克孜自治州 قىزىلسۇ قىرغىز ئاپتونوم ئوبلاستى / قىزىلسۇۇ قىرعىز اپتونوم وبلاسى(5)
   │  │  ├──阿合奇县 ئاقچى ناھىيىسى / اقچئي وودانى(6)
   │  │  ├──阿克陶县 ئاقتو ناھىيىسى / ﺍﻗﺘﻮﻭ وودانى(6)
   │  │  ├──阿图什市‎ ئاتۇش شەھىرى / ارتىش شاارى(6)
   │  │  └──乌恰县 ئۇلۇغچات ناھىيىسى / ۇلۇۇچات وودانى(6)
   │  ├──伊犁哈萨克自治州(5)
   │  │  ├──阿勒泰地区(5)
   │  │  │  ├──阿勒泰市 التاي قالاسى(6)
   │  │  │  ├──布尔津县 بۋىرشىن اۋدانى(6)
   │  │  │  ├──富蕴县 كوكتوعاي اۋدانى‎(6)
   │  │  │  ├──福海县 بۋرىلتوعاي اۋدانى(6)
   │  │  │  ├──哈巴河县 قابا اۋدانى(6)
   │  │  │  ├──青河县 شىڭگىل اۋدانى(6)
   │  │  │  └──吉木乃县 جەمەنەي اۋدانى(6)
   │  │  ├──塔城地区 تارباعاتاي ايماعى(5)
   │  │  │  ├──塔城市 شاۋەشەك قالاسى(6)
   │  │  │  ├──乌苏市 شيحۋ قالاسى(6)
   │  │  │  ├──额敏县 ءدوربىلجىن اۋدانى(6)
   │  │  │  ├──沙湾市 ساۋان قالاسى(6)
   │  │  │  ├──托里县 تولى اۋدانى(6)
   │  │  │  ├──裕民县 شاعانتوعاي اۋدانى(6)
   │  │  │  └──和布克赛尔蒙古自治县 قوبىقسارى اۋدانى ᠬᠣᠪᠣᠭᠰᠠᠶᠢᠷ ᠰᠢᠶᠠᠨ(6)
   │  │  ├──伊宁市 غۇلجا شەھىرى(6)
   │  │  ├──奎屯市 كۇيتۇن قالاسى(6)
   │  │  ├──霍尔果斯市 قورعاس قالاسى(6)
   │  │  ├──尼勒克县(6)
   │  │  ├──霍城县 قورغاس ناھىيىسى(6)
   │  │  ├──伊宁县(6)
   │  │  ├──特克斯县 تەكەس اۋدانى(6)
   │  │  ├──新源县(6)
   │  │  ├──巩留县(6)
   │  │  ├──察布查尔锡伯自治县 چاپچال ناھىيىسى ᠴᠠᠪᠴᠠᠯ ᠰᡞᠶᠠᠨ(6)
   │  │  └──昭苏县 موڭعۇلكۇرە اۋدانى(6)
   │  ├──石河子市(6)
   │  ├──阿拉尔市(6)
   │  ├──图木舒克市(6)
   │  ├──五家渠市(6)
   │  ├──北屯市(6)
   │  ├──铁门关市(6)
   │  ├──双河市(6)
   │  ├──可克达拉市(6)
   │  ├──昆玉市(6)
   │  ├──新星市(6)
   │  ├──白杨市(6)
   │  └──胡杨河市(6)
   ├──宁夏回族自治区(4)
   │  ├──吴忠市(5)
   │  │  ├──红寺堡区(6)
   │  │  ├──利通区(6)
   │  │  ├──青铜峡市(6)
   │  │  ├──同心县(6)
   │  │  └──盐池县(6)
   │  ├──银川市(5)
   │  │  ├──金凤区(6)
   │  │  ├──永宁县(6)
   │  │  ├──西夏区(6)
   │  │  ├──兴庆区(6)
   │  │  ├──贺兰县(6)
   │  │  └──灵武市(6)
   │  ├──石嘴山市(5)
   │  │  ├──大武口区(6)
   │  │  ├──惠农区(6)
   │  │  └──平罗县(6)
   │  ├──中卫市(5)
   │  │  ├──沙坡头区(6)
   │  │  ├──海原县(6)
   │  │  └──中宁县(6)
   │  └──固原市(5)
   │     ├──泾源县(6)
   │     ├──隆德县(6)
   │     ├──原州区(6)
   │     ├──彭阳县(6)
   │     └──西吉县(6)
   ├──广西壮族自治区(4)
   │  ├──玉林市(5)
   │  │  ├──北流市(6)
   │  │  ├──福绵区(6)
   │  │  ├──玉州区(6)
   │  │  ├──陆川县(6)
   │  │  ├──博白县(6)
   │  │  ├──兴业县(6)
   │  │  └──容县(6)
   │  ├──钦州市(5)
   │  │  ├──钦南区(6)
   │  │  ├──钦北区(6)
   │  │  ├──灵山县(6)
   │  │  └──浦北县(6)
   │  ├──贵港市(5)
   │  │  ├──覃塘区(6)
   │  │  ├──港北区(6)
   │  │  ├──港南区(6)
   │  │  ├──桂平市(6)
   │  │  └──平南县(6)
   │  ├──来宾市(5)
   │  │  ├──象州县(6)
   │  │  ├──金秀瑶族自治县(6)
   │  │  ├──武宣县(6)
   │  │  ├──合山市(6)
   │  │  ├──忻城县(6)
   │  │  └──兴宾区(6)
   │  ├──柳州市(5)
   │  │  ├──城中区(6)
   │  │  ├──柳北区(6)
   │  │  ├──柳城县(6)
   │  │  ├──柳南区(6)
   │  │  ├──柳江区(6)
   │  │  ├──鹿寨县(6)
   │  │  ├──融安县(6)
   │  │  ├──融水苗族自治县(6)
   │  │  ├──三江侗族自治县(6)
   │  │  ├──鱼峰区(6)
   │  │  └──柳东新区(7)
   │  ├──河池市(5)
   │  │  ├──东兰县(6)
   │  │  ├──巴马瑶族自治县(6)
   │  │  ├──大化瑶族自治县(6)
   │  │  ├──都安瑶族自治县(6)
   │  │  ├──金城江区(6)
   │  │  ├──宜州区(6)
   │  │  ├──罗城仫佬族自治县(6)
   │  │  ├──南丹县(6)
   │  │  ├──环江毛南族自治县(6)
   │  │  ├──天峨县(6)
   │  │  └──凤山县(6)
   │  ├──防城港市(5)
   │  │  ├──防城区(6)
   │  │  ├──港口区(6)
   │  │  ├──东兴市(6)
   │  │  └──上思县(6)
   │  ├──北海市(5)
   │  │  ├──银海区(6)
   │  │  ├──海城区(6)
   │  │  ├──合浦县(6)
   │  │  └──铁山港区(6)
   │  ├──百色市(5)
   │  │  ├──右江区(6)
   │  │  ├──隆林各族自治县(6)
   │  │  ├──西林县(6)
   │  │  ├──田林县(6)
   │  │  ├──田阳区(6)
   │  │  ├──那坡县(6)
   │  │  ├──德保县(6)
   │  │  ├──靖西市(6)
   │  │  ├──田东县(6)
   │  │  ├──平果市(6)
   │  │  ├──凌云县(6)
   │  │  └──乐业县(6)
   │  ├──贺州市(5)
   │  │  ├──昭平县(6)
   │  │  ├──钟山县(6)
   │  │  ├──富川瑶族自治县(6)
   │  │  ├──八步区(6)
   │  │  └──平桂区(6)
   │  ├──梧州市(5)
   │  │  ├──长洲区(6)
   │  │  ├──龙圩区(6)
   │  │  ├──万秀区(6)
   │  │  ├──苍梧县(6)
   │  │  ├──蒙山县(6)
   │  │  ├──藤县(6)
   │  │  └──岑溪市(6)
   │  ├──崇左市(5)
   │  │  ├──江州区(6)
   │  │  ├──龙州县(6)
   │  │  ├──宁明县(6)
   │  │  ├──扶绥县(6)
   │  │  ├──大新县(6)
   │  │  ├──天等县(6)
   │  │  └──None(6)
   │  ├──南宁市(5)
   │  │  ├──青秀区(6)
   │  │  ├──兴宁区(6)
   │  │  ├──良庆区(6)
   │  │  ├──江南区(6)
   │  │  ├──西乡塘区(6)
   │  │  ├──隆安县(6)
   │  │  ├──武鸣区(6)
   │  │  ├──邕宁区(6)
   │  │  ├──马山县(6)
   │  │  ├──上林县(6)
   │  │  ├──宾阳县(6)
   │  │  └──横州市(6)
   │  └──桂林市(5)
   │     ├──秀峰区(6)
   │     ├──叠彩区(6)
   │     ├──象山区(6)
   │     ├──七星区(6)
   │     ├──雁山区(6)
   │     ├──临桂区(6)
   │     ├──阳朔县(6)
   │     ├──灵川县(6)
   │     ├──全州县(6)
   │     ├──兴安县(6)
   │     ├──永福县(6)
   │     ├──灌阳县(6)
   │     ├──龙胜各族自治县(6)
   │     ├──资源县(6)
   │     ├──平乐县(6)
   │     ├──恭城瑶族自治县(6)
   │     └──荔浦市(6)
   ├──云南省(4)
   │  ├──昆明市(5)
   │  │  ├──盘龙区(6)
   │  │  ├──五华区(6)
   │  │  ├──西山区(6)
   │  │  ├──官渡区(6)
   │  │  ├──呈贡区(6)
   │  │  ├──嵩明县(6)
   │  │  ├──寻甸回族彝族自治县(6)
   │  │  ├──东川区(6)
   │  │  ├──石林彝族自治县(6)
   │  │  ├──宜良县(6)
   │  │  ├──晋宁区(6)
   │  │  ├──安宁市(6)
   │  │  ├──富民县(6)
   │  │  ├──禄劝彝族苗族自治县(6)
   │  │  └──昆明阳宗海风景名胜区(7)
   │  ├──曲靖市(5)
   │  │  ├──沾益区(6)
   │  │  ├──麒麟区(6)
   │  │  ├──马龙区(6)
   │  │  ├──陆良县(6)
   │  │  ├──师宗县(6)
   │  │  ├──罗平县(6)
   │  │  ├──富源县(6)
   │  │  ├──宣威市(6)
   │  │  └──会泽县(6)
   │  ├──玉溪市(5)
   │  │  ├──澄江市(6)
   │  │  ├──江川区(6)
   │  │  ├──华宁县(6)
   │  │  ├──通海县(6)
   │  │  ├──红塔区(6)
   │  │  ├──易门县(6)
   │  │  ├──峨山彝族自治县(6)
   │  │  ├──新平彝族傣族自治县(6)
   │  │  └──元江哈尼族彝族傣族自治县(6)
   │  ├──保山市(5)
   │  │  ├──昌宁县(6)
   │  │  ├──龙陵县(6)
   │  │  ├──隆阳区(6)
   │  │  ├──施甸县(6)
   │  │  └──腾冲市(6)
   │  ├──昭通市(5)
   │  │  ├──水富市(6)
   │  │  ├──绥江县(6)
   │  │  ├──大关县(6)
   │  │  ├──鲁甸县(6)
   │  │  ├──巧家县(6)
   │  │  ├──威信县(6)
   │  │  ├──盐津县(6)
   │  │  ├──彝良县(6)
   │  │  ├──昭阳区(6)
   │  │  ├──镇雄县(6)
   │  │  └──永善县(6)
   │  ├──丽江市(5)
   │  │  ├──古城区(6)
   │  │  ├──永胜县(6)
   │  │  ├──玉龙纳西族自治县(6)
   │  │  ├──宁蒗彝族自治县(6)
   │  │  └──华坪县(6)
   │  ├──普洱市(5)
   │  │  ├──墨江哈尼族自治县(6)
   │  │  ├──景谷傣族彝族自治县(6)
   │  │  ├──宁洱哈尼族彝族自治县(6)
   │  │  ├──镇沅彝族哈尼族拉祜族自治县(6)
   │  │  ├──澜沧拉祜族自治县(6)
   │  │  ├──景东彝族自治县(6)
   │  │  ├──西盟佤族自治县(6)
   │  │  ├──思茅区(6)
   │  │  ├──孟连傣族拉祜族佤族自治县(6)
   │  │  └──江城哈尼族彝族自治县(6)
   │  ├──临沧市(5)
   │  │  ├──临翔区(6)
   │  │  ├──镇康县(6)
   │  │  ├──永德县(6)
   │  │  ├──凤庆县(6)
   │  │  ├──云县(6)
   │  │  ├──耿马傣族佤族自治县(6)
   │  │  ├──双江拉祜族佤族布朗族傣族自治县(6)
   │  │  └──沧源佤族自治县(6)
   │  ├──楚雄彝族自治州(5)
   │  │  ├──楚雄市(6)
   │  │  ├──禄丰市(6)
   │  │  ├──牟定县(6)
   │  │  ├──双柏县(6)
   │  │  ├──武定县(6)
   │  │  ├──永仁县(6)
   │  │  ├──元谋县(6)
   │  │  ├──南华县(6)
   │  │  ├──大姚县(6)
   │  │  └──姚安县(6)
   │  ├──红河哈尼族彝族自治州(5)
   │  │  ├──个旧市(6)
   │  │  ├──开远市(6)
   │  │  ├──蒙自市(6)
   │  │  ├──弥勒市(6)
   │  │  ├──红河县(6)
   │  │  ├──建水县(6)
   │  │  ├──泸西县(6)
   │  │  ├──绿春县(6)
   │  │  ├──石屏县(6)
   │  │  ├──元阳县(6)
   │  │  ├──河口瑶族自治县(6)
   │  │  ├──金平苗族瑶族傣族自治县(6)
   │  │  └──屏边苗族自治县(6)
   │  ├──文山壮族苗族自治州(5)
   │  │  ├──文山市(6)
   │  │  ├──广南县(6)
   │  │  ├──富宁县(6)
   │  │  ├──西畴县(6)
   │  │  ├──马关县(6)
   │  │  ├──麻栗坡县(6)
   │  │  ├──砚山县(6)
   │  │  └──丘北县(6)
   │  ├──西双版纳傣族自治州(5)
   │  │  ├──勐海县(6)
   │  │  ├──景洪市(6)
   │  │  └──勐腊县(6)
   │  ├──大理白族自治州(5)
   │  │  ├──大理市(6)
   │  │  ├──祥云县(6)
   │  │  ├──弥渡县(6)
   │  │  ├──永平县(6)
   │  │  ├──洱源县(6)
   │  │  ├──宾川县(6)
   │  │  ├──鹤庆县(6)
   │  │  ├──剑川县(6)
   │  │  ├──云龙县(6)
   │  │  ├──南涧彝族自治县(6)
   │  │  ├──巍山彝族回族自治县(6)
   │  │  └──漾濞彝族自治县(6)
   │  ├──德宏傣族景颇族自治州(5)
   │  │  ├──梁河县(6)
   │  │  ├──盈江县(6)
   │  │  ├──陇川县(6)
   │  │  ├──芒市(6)
   │  │  └──瑞丽市(6)
   │  ├──怒江傈僳族自治州(5)
   │  │  ├──兰坪白族普米族自治县(6)
   │  │  ├──福贡县(6)
   │  │  ├──泸水市(6)
   │  │  └──贡山独龙族怒族自治县(6)
   │  └──迪庆藏族自治州 བདེ་ཆེན་བོད་རིགས་རང་སྐྱོང་ཁུལ།(5)
   │     ├──香格里拉市 སེམས་ཀྱི་ཉི་ཟླ་གྲོང་ཁྱེར།(6)
   │     ├──维西傈僳族自治县 འབའ་ལུང་ལི་སུའུ་རིགས་རང་སྐྱོང་རྫོང།(6)
   │     └──德钦县 བདེ་ཆེན་རྫོང་།(6)
   ├──青海省(4)
   │  ├──西宁市(5)
   │  │  ├──大通回族土族自治县(6)
   │  │  ├──湟源县(6)
   │  │  ├──湟中区(6)
   │  │  ├──城北区(6)
   │  │  ├──城西区(6)
   │  │  ├──城东区(6)
   │  │  └──城中区(6)
   │  ├──果洛藏族自治州 མགོ་ལོག་བོད་རིགས་རང་སྐྱོང་ཁུལ།(5)
   │  │  ├──班玛县 པད་མ་རྫོང།(6)
   │  │  ├──达日县 དར་ལག་རྫོང།(6)
   │  │  ├──甘德县 དགའ་བདེ་རྫོང།(6)
   │  │  ├──久治县 གཅིག་སྒྲིལ་རྫོང།(6)
   │  │  ├──玛多县 རྨ་སྟོད་རྫོང།(6)
   │  │  └──玛沁县 རྨ་ཆེན་རྫོང།(6)
   │  ├──海北藏族自治州 མཚོ་བཡྣང་བོད་རིགས་རང་སྐྱོང་ཁུལ།(5)
   │  │  ├──刚察县 རྐང་ཚ་རྫོང།(6)
   │  │  ├──海晏县 ཧའེ་ཡན་རྫོང།(6)
   │  │  ├──门源回族自治县 མོང་ཡོན་ཧུའེ་རིགས་རང་སྐྱོང་རྫོང།(6)
   │  │  └──祁连县(6)
   │  ├──海东市(5)
   │  │  ├──化隆回族自治县(6)
   │  │  ├──互助土族自治县(6)
   │  │  ├──平安区(6)
   │  │  ├──乐都区(6)
   │  │  ├──民和回族土族自治县(6)
   │  │  └──循化撒拉族自治县(6)
   │  ├──海南藏族自治州 མཚོ་ལྷོ་བོད་རིགས་རང་སྐྱོང་ཁུལ།(5)
   │  │  ├──共和县 གསེར་ཆེན་རྫོང།(6)
   │  │  ├──贵德县 ཁྲི་ཀ་རྫོང།(6)
   │  │  ├──贵南县 མང་ར་རྫོང།(6)
   │  │  ├──同德县 འབའ་རྫོང།(6)
   │  │  └──兴海县 བྲག་དཀར་རྫོང།(6)
   │  ├──海西蒙古族藏族自治州 མཚོ་ནུབ་སོག་རིགས་ཆ་བོད་རིགས་རང་སྐྱོང་ཁུལ།(5)
   │  │  ├──德令哈市 གཏེར་ལེན་ཁ་གྲོང་ཁྱེར།(6)
   │  │  ├──都兰县 ཏུའུ་ལན་རྫོང།(6)
   │  │  ├──格尔木市 ན་གོར་མོ་གྲོང་ཁྱེར།(6)
   │  │  ├──天峻县 ཐེམ་ཆེན་རྫོང།(6)
   │  │  ├──乌兰县 ཝུའུ་ལན་རྫོང།(6)
   │  │  ├──大柴旦行政委员会 ཚྭ་འདམ་ཆེ་བའི་སྲིད་འཛིན་ཨུ་ཡོན་ལྷན་ཁང།(6)
   │  │  └──茫崖市 མང་ནེ་གྲོང་ཁྱེར།(6)
   │  ├──黄南藏族自治州 རྨ་ལྷོ་བོད་རིགས་རང་སྐྱོང་ཁུལ།(5)
   │  │  ├──河南蒙古族自治县 ᠾᠧᠨᠠᠨ ᠮᠣᠩᠭᠣᠯ ᠥᠪᠡᠷᠲᠡᠭᠡᠨ ᠵᠠᠰᠠᠬᠤ ᠰᠢᠶᠠᠨ(6)
   │  │  ├──尖扎县 གཅན་ཚ་རྫོང།(6)
   │  │  ├──同仁市 ཐུན་རིན་གྲོང་ཁྱེར།(6)
   │  │  └──泽库县 རྩེ་ཁོག་རྫོང།(6)
   │  └──玉树藏族自治州 ཡུལ་ཤུལ་བོད་རིགས་རང་སྐྱོང་ཁུལ།(5)
   │     ├──ཁྲི་འདུ་རྫོང་། 称多县(6)
   │     ├──ནང་ཆེན་རྫོང་། 囊谦县(6)
   │     ├──曲麻莱县(6)
   │     ├──ཡུལ་ཤུལ་རྫོང། 玉树市(6)
   │     ├──杂多县(6)
   │     └──治多县(6)
   ├──甘肃省(4)
   │  ├──白银市(5)
   │  │  ├──景泰县(6)
   │  │  ├──平川区(6)
   │  │  ├──靖远县(6)
   │  │  ├──白银区(6)
   │  │  ├──会宁县(6)
   │  │  └──白银高新技术产业开发区(7)
   │  ├──定西市(5)
   │  │  ├──安定区(6)
   │  │  ├──临洮县(6)
   │  │  ├──陇西县(6)
   │  │  ├──岷县(6)
   │  │  ├──通渭县(6)
   │  │  ├──渭源县(6)
   │  │  └──漳县(6)
   │  ├──甘南藏族自治州 ཀན་ལྷོ་བོད་རིགས་རང་སྐྱོང་ཁུལ།(5)
   │  │  ├──舟曲县 འབྲུག་ཆུ་རྫོང་།(6)
   │  │  ├──迭部县 ཐེ་བོ་རྫོང་།(6)
   │  │  ├──卓尼县 ཅོ་ནེ་རྫོང་།(6)
   │  │  ├──临潭县 ལིན་ཐན་རྫོང།(6)
   │  │  ├──合作市 གཙོས་གྲོང་ཁྱེར།(6)
   │  │  ├──碌曲县 ཀླུ་ཆུ་རྫོང་།(6)
   │  │  ├──玛曲县 རྨ་ཆུ་རྫོང་།(6)
   │  │  └──夏河县 བསང་ཆུ་རྫོང་།(6)
   │  ├──嘉峪关市(5)
   │  │  └──郊区(7)
   │  ├──金昌市(5)
   │  │  ├──永昌县(6)
   │  │  └──金川区(6)
   │  ├──酒泉市(5)
   │  │  ├──肃州区(6)
   │  │  ├──金塔县(6)
   │  │  ├──玉门市(6)
   │  │  ├──瓜州县(6)
   │  │  ├──敦煌市(6)
   │  │  ├──肃北蒙古族自治县 ᠰᠦᠪᠧᠢ ᠶᠢᠨ ᠮᠣᠩᠭᠣᠯ ᠦᠨᠳᠦᠰᠦᠲᠡᠨ ᠦ ᠥᠪᠡᠷᠲᠡᠭᠡᠨ ᠵᠠᠰᠠᠬᠤ ᠰᠢᠶᠠᠨ(6)
   │  │  └──阿克塞哈萨克族自治县 اقساي قازاق اۆتونوميالى اۋدانى(6)
   │  ├──兰州市(5)
   │  │  ├──永登县(6)
   │  │  ├──皋兰县(6)
   │  │  ├──七里河区(6)
   │  │  ├──安宁区(6)
   │  │  ├──西固区(6)
   │  │  ├──红古区(6)
   │  │  ├──城关区(6)
   │  │  ├──榆中县(6)
   │  │  └──兰州新区(7)
   │  ├──临夏回族自治州(5)
   │  │  ├──临夏市(6)
   │  │  ├──临夏县(6)
   │  │  ├──康乐县(6)
   │  │  ├──永靖县(6)
   │  │  ├──广河县(6)
   │  │  ├──和政县(6)
   │  │  ├──东乡族自治县(6)
   │  │  └──积石山保安族东乡族撒拉族自治县(6)
   │  ├──陇南市(5)
   │  │  ├──礼县(6)
   │  │  ├──西和县(6)
   │  │  ├──宕昌县(6)
   │  │  ├──武都区(6)
   │  │  ├──文县(6)
   │  │  ├──康县(6)
   │  │  ├──成县(6)
   │  │  ├──徽县(6)
   │  │  └──两当县(6)
   │  ├──平凉市(5)
   │  │  ├──泾川县(6)
   │  │  ├──崇信县(6)
   │  │  ├──灵台县(6)
   │  │  ├──崆峒区(6)
   │  │  ├──华亭市(6)
   │  │  ├──庄浪县(6)
   │  │  └──静宁县(6)
   │  ├──庆阳市(5)
   │  │  ├──西峰区(6)
   │  │  ├──镇原县(6)
   │  │  ├──正宁县(6)
   │  │  ├──宁县(6)
   │  │  ├──华池县(6)
   │  │  ├──合水县(6)
   │  │  ├──环县(6)
   │  │  └──庆城县(6)
   │  ├──天水市(5)
   │  │  ├──麦积区(6)
   │  │  ├──秦州区(6)
   │  │  ├──清水县(6)
   │  │  ├──张家川回族自治县(6)
   │  │  ├──秦安县(6)
   │  │  ├──武山县(6)
   │  │  └──甘谷县(6)
   │  ├──武威市(5)
   │  │  ├──古浪县(6)
   │  │  ├──凉州区(6)
   │  │  ├──民勤县(6)
   │  │  └──天祝藏族自治县(6)
   │  └──张掖市(5)
   │     ├──甘州区(6)
   │     ├──临泽县(6)
   │     ├──高台县(6)
   │     ├──民乐县(6)
   │     ├──山丹县(6)
   │     └──肃南裕固族自治县(6)
   ├──黑龙江省(4)
   │  ├──牡丹江市(5)
   │  │  ├──东安区(6)
   │  │  ├──阳明区(6)
   │  │  ├──爱民区(6)
   │  │  ├──西安区(6)
   │  │  ├──林口县(6)
   │  │  ├──绥芬河市(6)
   │  │  ├──海林市(6)
   │  │  ├──宁安市(6)
   │  │  ├──穆棱市(6)
   │  │  └──东宁市(6)
   │  ├──哈尔滨市(5)
   │  │  ├──道里区(6)
   │  │  ├──南岗区(6)
   │  │  ├──道外区(6)
   │  │  ├──平房区(6)
   │  │  ├──松北区(6)
   │  │  ├──香坊区(6)
   │  │  ├──呼兰区(6)
   │  │  ├──阿城区(6)
   │  │  ├──双城区(6)
   │  │  ├──依兰县(6)
   │  │  ├──方正县(6)
   │  │  ├──宾县(6)
   │  │  ├──巴彦县(6)
   │  │  ├──木兰县(6)
   │  │  ├──通河县(6)
   │  │  ├──延寿县(6)
   │  │  ├──尚志市(6)
   │  │  └──五常市(6)
   │  ├──齐齐哈尔市(5)
   │  │  ├──讷河市(6)
   │  │  ├──拜泉县(6)
   │  │  ├──梅里斯达斡尔族区(6)
   │  │  ├──富拉尔基区(6)
   │  │  ├──龙沙区(6)
   │  │  ├──建华区(6)
   │  │  ├──龙江县(6)
   │  │  ├──碾子山区(6)
   │  │  ├──甘南县(6)
   │  │  ├──克东县(6)
   │  │  ├──克山县(6)
   │  │  ├──依安县(6)
   │  │  ├──富裕县(6)
   │  │  ├──铁锋区(6)
   │  │  ├──泰来县(6)
   │  │  └──昂昂溪区(6)
   │  ├──大庆市(5)
   │  │  ├──红岗区(6)
   │  │  ├──龙凤区(6)
   │  │  ├──萨尔图区(6)
   │  │  ├──肇州县(6)
   │  │  ├──大同区(6)
   │  │  ├──让胡路区(6)
   │  │  ├──肇源县(6)
   │  │  ├──林甸县(6)
   │  │  └──杜尔伯特蒙古族自治县 ᠳᠥᠷᠪᠡᠳ ᠮᠣᠩᠭᠣᠯ ᠥᠪᠡᠷᠲᠡᠭᠡᠨ ᠵᠠᠰᠠᠬᠤ ᠰᠢᠶᠠᠨ(6)
   │  ├──佳木斯市(5)
   │  │  ├──东风区(6)
   │  │  ├──富锦市(6)
   │  │  ├──抚远市(6)
   │  │  ├──桦川县(6)
   │  │  ├──桦南县(6)
   │  │  ├──郊区(6)
   │  │  ├──前进区(6)
   │  │  ├──汤原县(6)
   │  │  ├──同江市(6)
   │  │  └──向阳区(6)
   │  ├──伊春市(5)
   │  │  ├──乌翠区(6)
   │  │  ├──大箐山县(6)
   │  │  ├──嘉荫县(6)
   │  │  ├──金林区(6)
   │  │  ├──伊美区(6)
   │  │  ├──南岔县(6)
   │  │  ├──汤旺县(6)
   │  │  ├──铁力市(6)
   │  │  ├──丰林县(6)
   │  │  └──友好区(6)
   │  ├──鹤岗市(5)
   │  │  ├──东山区(6)
   │  │  ├──工农区(6)
   │  │  ├──萝北县(6)
   │  │  ├──南山区(6)
   │  │  ├──绥滨县(6)
   │  │  ├──向阳区(6)
   │  │  ├──兴安区(6)
   │  │  └──兴山区(6)
   │  ├──双鸭山市(5)
   │  │  ├──宝清县(6)
   │  │  ├──宝山区(6)
   │  │  ├──尖山区(6)
   │  │  ├──集贤县(6)
   │  │  ├──岭东区(6)
   │  │  ├──饶河县(6)
   │  │  ├──四方台区(6)
   │  │  └──友谊县(6)
   │  ├──鸡西市(5)
   │  │  ├──麻山区(6)
   │  │  ├──梨树区(6)
   │  │  ├──城子河区(6)
   │  │  ├──恒山区(6)
   │  │  ├──鸡冠区(6)
   │  │  ├──滴道区(6)
   │  │  ├──鸡东县(6)
   │  │  ├──密山市(6)
   │  │  └──虎林市(6)
   │  ├──七台河市(5)
   │  │  ├──勃利县(6)
   │  │  ├──茄子河区(6)
   │  │  ├──新兴区(6)
   │  │  └──桃山区(6)
   │  ├──绥化市(5)
   │  │  ├──望奎县(6)
   │  │  ├──明水县(6)
   │  │  ├──海伦市(6)
   │  │  ├──庆安县(6)
   │  │  ├──绥棱县(6)
   │  │  ├──北林区(6)
   │  │  ├──兰西县(6)
   │  │  ├──青冈县(6)
   │  │  ├──安达市(6)
   │  │  └──肇东市(6)
   │  ├──黑河市(5)
   │  │  ├──孙吴县(6)
   │  │  ├──爱辉区(6)
   │  │  ├──逊克县(6)
   │  │  ├──北安市(6)
   │  │  ├──五大连池市(6)
   │  │  └──嫩江市(6)
   │  └──大兴安岭地区(5)
   │     ├──漠河市(6)
   │     ├──呼玛县(6)
   │     ├──塔河县(6)
   │     ├──加格达奇区(6)
   │     ├──松岭区(6)
   │     ├──新林区(6)
   │     └──呼中区(6)
   ├──吉林省(4)
   │  ├──长春市(5)
   │  │  ├──南关区(6)
   │  │  ├──宽城区(6)
   │  │  ├──朝阳区(6)
   │  │  ├──二道区(6)
   │  │  ├──绿园区(6)
   │  │  ├──双阳区(6)
   │  │  ├──九台区(6)
   │  │  ├──农安县(6)
   │  │  ├──榆树市(6)
   │  │  ├──德惠市(6)
   │  │  ├──公主岭市(6)
   │  │  ├──长春经济技术开发区(7)
   │  │  ├──长春净月高新技术产业开发区(7)
   │  │  ├──长春高新技术产业开发区(7)
   │  │  ├──长春汽车经济技术开发区(7)
   │  │  ├──长春莲花山生态旅游度假区(7)
   │  │  └──中韩（长春）国际合作示范区(7)
   │  ├──吉林市(5)
   │  │  ├──龙潭区(6)
   │  │  ├──船营区(6)
   │  │  ├──昌邑区(6)
   │  │  ├──丰满区(6)
   │  │  ├──舒兰市(6)
   │  │  ├──永吉县(6)
   │  │  ├──蛟河市(6)
   │  │  ├──桦甸市(6)
   │  │  ├──磐石市(6)
   │  │  ├──吉林高新技术产业开发区(7)
   │  │  └──吉林中国新加坡食品区(7)
   │  ├──辽源市(5)
   │  │  ├──东丰县(6)
   │  │  ├──西安区(6)
   │  │  ├──龙山区(6)
   │  │  └──东辽县(6)
   │  ├──四平市(5)
   │  │  ├──铁东区(6)
   │  │  ├──铁西区(6)
   │  │  ├──梨树县(6)
   │  │  ├──伊通满族自治县(6)
   │  │  └──双辽市(6)
   │  ├──松原市(5)
   │  │  ├──扶余市(6)
   │  │  ├──宁江区(6)
   │  │  ├──乾安县(6)
   │  │  ├──前郭尔罗斯蒙古族自治县 ᠡᠮᠦᠨᠡᠲᠦ ᠭᠣᠷᠯᠣᠰ ᠤᠨ ᠮᠣᠩᠭᠣᠯ ᠥᠪᠡᠷᠲᠡᠭᠡᠨ ᠵᠠᠰᠠᠬᠤ ᠰᠢᠶᠠᠨ(6)
   │  │  ├──长岭县(6)
   │  │  └──松原经济开发区(7)
   │  ├──白城市(5)
   │  │  ├──大安市(6)
   │  │  ├──镇赉县(6)
   │  │  ├──洮北区(6)
   │  │  ├──洮南市(6)
   │  │  ├──通榆县(6)
   │  │  └──白城经济开发区(7)
   │  ├──通化市(5)
   │  │  ├──东昌区(6)
   │  │  ├──二道江区(6)
   │  │  ├──通化县(6)
   │  │  ├──柳河县(6)
   │  │  ├──集安市(6)
   │  │  ├──辉南县(6)
   │  │  └──梅河口市(6)
   │  ├──白山市(5)
   │  │  ├──浑江区(6)
   │  │  ├──江源区(6)
   │  │  ├──抚松县(6)
   │  │  ├──靖宇县(6)
   │  │  ├──长白朝鲜族自治县 장백조선족자치현(6)
   │  │  └──临江市(6)
   │  ├──延边朝鲜族自治州 연변조선족자치주(5)
   │  │  ├──珲春市 훈춘시(6)
   │  │  ├──龙井市 룡정시(6)
   │  │  ├──图们市 도문시(6)
   │  │  ├──延吉市 연길시(6)
   │  │  ├──汪清县 왕청현(6)
   │  │  ├──和龙市 화룡시(6)
   │  │  ├──敦化市 돈화시(6)
   │  │  └──安图县 안도현(6)
   │  └──长白山管委会(7)
   ├──辽宁省(4)
   │  ├──丹东市(5)
   │  │  ├──东港市(6)
   │  │  ├──凤城市(6)
   │  │  ├──宽甸满族自治县(6)
   │  │  ├──元宝区(6)
   │  │  ├──振安区(6)
   │  │  └──振兴区(6)
   │  ├──大连市(5)
   │  │  ├──长海县(6)
   │  │  ├──庄河市(6)
   │  │  ├──普兰店区(6)
   │  │  ├──金州区(6)
   │  │  ├──瓦房店市(6)
   │  │  ├──甘井子区(6)
   │  │  ├──旅顺口区(6)
   │  │  ├──沙河口区(6)
   │  │  ├──西岗区(6)
   │  │  └──中山区(6)
   │  ├──本溪市(5)
   │  │  ├──明山区(6)
   │  │  ├──南芬区(6)
   │  │  ├──平山区(6)
   │  │  ├──溪湖区(6)
   │  │  ├──本溪满族自治县(6)
   │  │  └──桓仁满族自治县(6)
   │  ├──抚顺市(5)
   │  │  ├──东洲区(6)
   │  │  ├──抚顺县(6)
   │  │  ├──清原满族自治县(6)
   │  │  ├──顺城区(6)
   │  │  ├──新宾满族自治县(6)
   │  │  ├──望花区(6)
   │  │  └──新抚区(6)
   │  ├──辽阳市(5)
   │  │  ├──白塔区(6)
   │  │  ├──灯塔市(6)
   │  │  ├──弓长岭区(6)
   │  │  ├──宏伟区(6)
   │  │  ├──辽阳县(6)
   │  │  ├──太子河区(6)
   │  │  └──文圣区(6)
   │  ├──沈阳市(5)
   │  │  ├──大东区(6)
   │  │  ├──沈河区(6)
   │  │  ├──和平区(6)
   │  │  ├──皇姑区(6)
   │  │  ├──铁西区(6)
   │  │  ├──沈北新区(6)
   │  │  ├──浑南区(6)
   │  │  ├──于洪区(6)
   │  │  ├──苏家屯区(6)
   │  │  ├──辽中区(6)
   │  │  ├──新民市(6)
   │  │  ├──法库县(6)
   │  │  └──康平县(6)
   │  ├──铁岭市(5)
   │  │  ├──银州区(6)
   │  │  ├──调兵山市(6)
   │  │  ├──铁岭县(6)
   │  │  ├──开原市(6)
   │  │  ├──清河区(6)
   │  │  ├──西丰县(6)
   │  │  └──昌图县(6)
   │  ├──阜新市(5)
   │  │  ├──阜新蒙古族自治县(6)
   │  │  ├──海州区(6)
   │  │  ├──清河门区(6)
   │  │  ├──太平区(6)
   │  │  ├──细河区(6)
   │  │  ├──新邱区(6)
   │  │  └──彰武县(6)
   │  ├──朝阳市(5)
   │  │  ├──龙城区(6)
   │  │  ├──双塔区(6)
   │  │  ├──北票市(6)
   │  │  ├──建平县(6)
   │  │  ├──凌源市(6)
   │  │  ├──喀喇沁左翼蒙古族自治县 ᠬᠠᠷᠠᠴᠢᠨ ᠵᠡᠭᠦᠨ ᠭᠠᠷᠤᠨ ᠮᠣᠩᠭᠣᠯ ᠥᠪᠡᠷᠲᠡᠭᠡᠨ ᠵᠠᠰᠠᠬᠤ ᠰᠢᠶᠠᠨ(6)
   │  │  └──朝阳县(6)
   │  ├──葫芦岛市(5)
   │  │  ├──兴城市(6)
   │  │  ├──建昌县(6)
   │  │  ├──绥中县(6)
   │  │  ├──龙港区(6)
   │  │  ├──南票区(6)
   │  │  └──连山区(6)
   │  ├──锦州市(5)
   │  │  ├──太和区(6)
   │  │  ├──凌海市(6)
   │  │  ├──义县(6)
   │  │  ├──北镇市(6)
   │  │  └──黑山县(6)
   │  ├──盘锦市(5)
   │  │  ├──盘山县(6)
   │  │  ├──大洼区(6)
   │  │  ├──兴隆台区(6)
   │  │  └──双台子区(6)
   │  ├──营口市(5)
   │  │  ├──鲅鱼圈区(6)
   │  │  ├──大石桥市(6)
   │  │  ├──盖州市(6)
   │  │  ├──老边区(6)
   │  │  ├──西市区(6)
   │  │  └──站前区(6)
   │  └──鞍山市(5)
   │     ├──海城市(6)
   │     ├──立山区(6)
   │     ├──千山区(6)
   │     ├──台安县(6)
   │     ├──铁东区(6)
   │     ├──铁西区(6)
   │     └──岫岩满族自治县(6)
   ├──贵州省(4)
   │  ├──安顺市(5)
   │  │  ├──紫云苗族布依族自治县(6)
   │  │  ├──镇宁布依族苗族自治县(6)
   │  │  ├──关岭布依族苗族自治县(6)
   │  │  ├──普定县(6)
   │  │  ├──平坝区(6)
   │  │  └──西秀区(6)
   │  ├──贵阳市(5)
   │  │  ├──观山湖区(6)
   │  │  ├──白云区(6)
   │  │  ├──开阳县(6)
   │  │  ├──修文县(6)
   │  │  ├──乌当区(6)
   │  │  ├──云岩区(6)
   │  │  ├──南明区(6)
   │  │  ├──花溪区(6)
   │  │  ├──清镇市(6)
   │  │  └──息烽县(6)
   │  ├──黔西南布依族苗族自治州(5)
   │  │  ├──兴仁市(6)
   │  │  ├──普安县(6)
   │  │  ├──兴义市(6)
   │  │  ├──安龙县(6)
   │  │  ├──望谟县(6)
   │  │  ├──册亨县(6)
   │  │  ├──贞丰县(6)
   │  │  └──晴隆县(6)
   │  ├──六盘水市(5)
   │  │  ├──盘州市(6)
   │  │  ├──钟山区(6)
   │  │  ├──水城区(6)
   │  │  └──六枝特区(6)
   │  ├──毕节市(5)
   │  │  ├──纳雍县(6)
   │  │  ├──织金县(6)
   │  │  ├──黔西市(6)
   │  │  ├──大方县(6)
   │  │  ├──七星关区(6)
   │  │  ├──赫章县(6)
   │  │  ├──金沙县(6)
   │  │  └──威宁彝族回族苗族自治县(6)
   │  ├──铜仁市(5)
   │  │  ├──松桃苗族自治县(6)
   │  │  ├──印江土家族苗族自治县(6)
   │  │  ├──江口县(6)
   │  │  ├──玉屏侗族自治县(6)
   │  │  ├──万山区(6)
   │  │  ├──石阡县(6)
   │  │  ├──碧江区(6)
   │  │  ├──思南县(6)
   │  │  ├──德江县(6)
   │  │  └──沿河土家族自治县(6)
   │  ├──遵义市(5)
   │  │  ├──汇川区(6)
   │  │  ├──红花岗区(6)
   │  │  ├──桐梓县(6)
   │  │  ├──习水县(6)
   │  │  ├──道真仡佬族苗族自治县(6)
   │  │  ├──务川仡佬族苗族自治县(6)
   │  │  ├──正安县(6)
   │  │  ├──湄潭县(6)
   │  │  ├──绥阳县(6)
   │  │  ├──凤冈县(6)
   │  │  ├──余庆县(6)
   │  │  ├──播州区(6)
   │  │  ├──赤水市(6)
   │  │  └──仁怀市(6)
   │  ├──黔东南苗族侗族自治州(5)
   │  │  ├──雷山县(6)
   │  │  ├──台江县(6)
   │  │  ├──凯里市(6)
   │  │  ├──丹寨县(6)
   │  │  ├──榕江县(6)
   │  │  ├──从江县(6)
   │  │  ├──剑河县(6)
   │  │  ├──三穗县(6)
   │  │  ├──天柱县(6)
   │  │  ├──岑巩县(6)
   │  │  ├──镇远县(6)
   │  │  ├──施秉县(6)
   │  │  ├──黄平县(6)
   │  │  ├──黎平县(6)
   │  │  └──麻江县(6)
   │  └──黔南布依族苗族自治州(5)
   │     ├──长顺县(6)
   │     ├──独山县(6)
   │     ├──都匀市(6)
   │     ├──福泉市(6)
   │     ├──贵定县(6)
   │     ├──惠水县(6)
   │     ├──荔波县(6)
   │     ├──龙里县(6)
   │     ├──罗甸县(6)
   │     ├──平塘县(6)
   │     ├──三都水族自治县(6)
   │     └──瓮安县(6)
   ├──四川省(4)
   │  ├──自贡市(5)
   │  │  ├──沿滩区(6)
   │  │  ├──贡井区(6)
   │  │  ├──大安区(6)
   │  │  ├──自流井区(6)
   │  │  ├──荣县(6)
   │  │  └──富顺县(6)
   │  ├──宜宾市(5)
   │  │  ├──高县(6)
   │  │  ├──筠连县(6)
   │  │  ├──江安县(6)
   │  │  ├──珙县(6)
   │  │  ├──屏山县(6)
   │  │  ├──长宁县(6)
   │  │  ├──叙州区(6)
   │  │  ├──翠屏区(6)
   │  │  ├──兴文县(6)
   │  │  └──南溪区(6)
   │  ├──眉山市(5)
   │  │  ├──东坡区(6)
   │  │  ├──彭山区(6)
   │  │  ├──青神县(6)
   │  │  ├──仁寿县(6)
   │  │  ├──洪雅县(6)
   │  │  └──丹棱县(6)
   │  ├──乐山市(5)
   │  │  ├──五通桥区(6)
   │  │  ├──沙湾区(6)
   │  │  ├──夹江县(6)
   │  │  ├──马边彝族自治县 ꂶꀜꆈꌠꊨꏦꏱꅉꑤ(6)
   │  │  ├──井研县(6)
   │  │  ├──市中区(6)
   │  │  ├──峨眉山市(6)
   │  │  ├──峨边彝族自治县(6)
   │  │  ├──犍为县(6)
   │  │  ├──沐川县(6)
   │  │  └──金口河区(6)
   │  ├──雅安市(5)
   │  │  ├──名山区(6)
   │  │  ├──荥经县(6)
   │  │  ├──天全县(6)
   │  │  ├──宝兴县(6)
   │  │  ├──汉源县(6)
   │  │  ├──芦山县(6)
   │  │  ├──雨城区(6)
   │  │  └──石棉县(6)
   │  ├──内江市(5)
   │  │  ├──威远县(6)
   │  │  ├──东兴区(6)
   │  │  ├──资中县(6)
   │  │  ├──隆昌市(6)
   │  │  └──市中区(6)
   │  ├──泸州市(5)
   │  │  ├──古蔺县(6)
   │  │  ├──泸县(6)
   │  │  ├──纳溪区(6)
   │  │  ├──叙永县(6)
   │  │  ├──合江县(6)
   │  │  ├──江阳区(6)
   │  │  └──龙马潭区(6)
   │  ├──资阳市(5)
   │  │  ├──乐至县(6)
   │  │  ├──安岳县(6)
   │  │  └──雁江区(6)
   │  ├──遂宁市(5)
   │  │  ├──安居区(6)
   │  │  ├──船山区(6)
   │  │  ├──大英县(6)
   │  │  ├──蓬溪县(6)
   │  │  └──射洪市(6)
   │  ├──南充市(5)
   │  │  ├──高坪区(6)
   │  │  ├──顺庆区(6)
   │  │  ├──嘉陵区(6)
   │  │  ├──仪陇县(6)
   │  │  ├──蓬安县(6)
   │  │  ├──南部县(6)
   │  │  ├──阆中市(6)
   │  │  ├──西充县(6)
   │  │  └──营山县(6)
   │  ├──广安市(5)
   │  │  ├──前锋区(6)
   │  │  ├──华蓥市(6)
   │  │  ├──广安区(6)
   │  │  ├──岳池县(6)
   │  │  ├──武胜县(6)
   │  │  └──邻水县(6)
   │  ├──达州市(5)
   │  │  ├──达川区(6)
   │  │  ├──大竹县(6)
   │  │  ├──宣汉县(6)
   │  │  ├──开江县(6)
   │  │  ├──万源市(6)
   │  │  ├──渠县(6)
   │  │  └──通川区(6)
   │  ├──巴中市(5)
   │  │  ├──巴州区(6)
   │  │  ├──恩阳区(6)
   │  │  ├──平昌县(6)
   │  │  ├──通江县(6)
   │  │  └──南江县(6)
   │  ├──广元市(5)
   │  │  ├──昭化区(6)
   │  │  ├──朝天区(6)
   │  │  ├──利州区(6)
   │  │  ├──青川县(6)
   │  │  ├──旺苍县(6)
   │  │  ├──苍溪县(6)
   │  │  └──剑阁县(6)
   │  ├──成都市(5)
   │  │  ├──成华区(6)
   │  │  ├──崇州市(6)
   │  │  ├──大邑县(6)
   │  │  ├──都江堰市(6)
   │  │  ├──锦江区(6)
   │  │  ├──金堂县(6)
   │  │  ├──龙泉驿区(6)
   │  │  ├──彭州市(6)
   │  │  ├──蒲江县(6)
   │  │  ├──青羊区(6)
   │  │  ├──邛崃市(6)
   │  │  ├──双流区(6)
   │  │  ├──武侯区(6)
   │  │  ├──新津区(6)
   │  │  ├──金牛区(6)
   │  │  ├──温江区(6)
   │  │  ├──新都区(6)
   │  │  ├──郫都区(6)
   │  │  ├──青白江区(6)
   │  │  ├──简阳市(6)
   │  │  ├──天府新区(7)
   │  │  └──高新区(7)
   │  │     ├──高新区（西区）(7)
   │  │     └──高新区（南区）(7)
   │  ├──德阳市(5)
   │  │  ├──旌阳区(6)
   │  │  ├──罗江区(6)
   │  │  ├──绵竹市(6)
   │  │  ├──什邡市(6)
   │  │  ├──广汉市(6)
   │  │  └──中江县(6)
   │  ├──甘孜藏族自治州 དཀར་མཛེས་བོད་རིགས་རང་སྐྱོང་ཁུལ།(5)
   │  │  ├──康定市 དར་མདོ་གྲོང་ཁྱེར།(6)
   │  │  ├──丹巴县 རོང་བྲག་རྫོང།(6)
   │  │  ├──道孚县 རྟའུ་རྫོང་།(6)
   │  │  ├──雅江县 ཉག་ཆུ་རྫོང།(6)
   │  │  ├──泸定县 ལྕགས་ཟམ་རྫོང།(6)
   │  │  ├──九龙县 བརྒྱད་ཟིལ་རྫོང།(6)
   │  │  ├──稻城县 འདབ་པ་རྫོང།(6)
   │  │  ├──乡城县 ཕྱག་ཕྲེང་རྫོང།(6)
   │  │  ├──理塘县 ལི་ཐང་རྫོང།(6)
   │  │  ├──新龙县 ཉག་རོང་རྫོང།(6)
   │  │  ├──炉霍县 བྲག་འགོ་རྫོང།(6)
   │  │  ├──甘孜县 དཀར་མཛེས་རྫོང།(6)
   │  │  ├──色达县 གསེར་ཐར་རྫོང།(6)
   │  │  ├──德格县 སྡེ་དགེ་རྫོང།(6)
   │  │  ├──石渠县 སེར་ཤུལ་རྫོང།(6)
   │  │  ├──白玉县 དཔལ་ཡུལ་རྫོང།(6)
   │  │  ├──得荣县 སྡེ་རོང་རྫོང།(6)
   │  │  └──巴塘县 འབའ་ཐང་།(6)
   │  ├──绵阳市(5)
   │  │  ├──梓潼县(6)
   │  │  ├──盐亭县(6)
   │  │  ├──三台县(6)
   │  │  ├──游仙区(6)
   │  │  ├──涪城区(6)
   │  │  ├──安州区(6)
   │  │  ├──北川羌族自治县(6)
   │  │  ├──江油市(6)
   │  │  └──平武县(6)
   │  ├──阿坝藏族羌族自治州 རྔ་བ་བོད་རིགས་ཆ་བ༹ང་རིགས་རང་སྐྱོང་ཁུལ་(5)
   │  │  ├──松潘县 ཟུང་ཆུ་རྫོང།(6)
   │  │  ├──黑水县 ཁྲོ་ཆུ་རྫོང།(6)
   │  │  ├──红原县 རྐ་ཁོག་རྫོང།(6)
   │  │  ├──马尔康市 འབར་ཁམས་གྲོང་ཁྱེར།(6)
   │  │  ├──金川县 ཆུ་ཆེན་རྫོང།(6)
   │  │  ├──壤塘县 འཛམ་ཐང་རྫོང།(6)
   │  │  ├──阿坝县 རྔ་བ་རྫོང།(6)
   │  │  ├──若尔盖县 མཛོད་དགེ་རྫོང།(6)
   │  │  ├──茂县 མའོ་རྫོང།(6)
   │  │  ├──小金县 བཙན་ལྷ་རྫོང་།(6)
   │  │  ├──九寨沟县 གཟི་རྩ་སྡེ་དགུ་རྫོང།(6)
   │  │  ├──理县 ལིས་རྫོང།(6)
   │  │  └──汶川县 ཝུན་ཁྲོན་རྫོང།(6)
   │  ├──攀枝花市(5)
   │  │  ├──仁和区(6)
   │  │  ├──西区(6)
   │  │  ├──东区(6)
   │  │  ├──盐边县(6)
   │  │  └──米易县(6)
   │  ├──凉山彝族自治州 ꆃꎭꆈꌠꊨꏦꏱꅉꍏ(5)
   │  │  ├──德昌县 ꄓꍣꑤ(6)
   │  │  ├──金阳县 ꏠꑸꑤ(6)
   │  │  ├──布拖县 ꀭꄮꑤ(6)
   │  │  ├──昭觉县 ꏪꐦꑤ(6)
   │  │  ├──西昌市 ꀒꎂꏃ(6)
   │  │  ├──喜德县 ꑝꅇꑤ(6)
   │  │  ├──越西县 ꃺꄧꑤ(6)
   │  │  ├──甘洛县 ꇤꇉꑤ(6)
   │  │  ├──美姑县 ꂿꈬꑤ(6)
   │  │  ├──雷波县 ꃀꁧꑤ(6)
   │  │  ├──会东县 ꉼꄏꑤ(6)
   │  │  ├──宁南县 ꆀꆆꑤ(6)
   │  │  ├──会理市 ꑌꄷꏃ(6)
   │  │  ├──普格县 ꁌꐘꑤ(6)
   │  │  ├──盐源县 ꋂꂿꑤ(6)
   │  │  ├──冕宁县 ꍿꆈꑤ(6)
   │  │  └──木里藏族自治县 སྨི་ལི་རང་བོད་རིགས་སྐྱོང་རྫོང།(6)
   │  └──汶川卧龙特别行政区(7)
   ├──海南省(4)
   │  ├──海口市(5)
   │  │  ├──秀英区(6)
   │  │  ├──龙华区(6)
   │  │  ├──琼山区(6)
   │  │  └──美兰区(6)
   │  ├──三亚市(5)
   │  │  ├──海棠区(6)
   │  │  ├──吉阳区(6)
   │  │  ├──天涯区(6)
   │  │  └──崖州区(6)
   │  ├──三沙市(5)
   │  │  ├──西沙区(6)
   │  │  └──中沙群岛的岛礁及其海域(6)
   │  ├──儋州市(5)
   │  │  └──洋浦经济开发区(7)
   │  ├──五指山市(6)
   │  ├──琼海市(6)
   │  ├──文昌市(6)
   │  ├──万宁市(6)
   │  ├──东方市(6)
   │  ├──定安县(6)
   │  ├──屯昌县(6)
   │  ├──澄迈县(6)
   │  ├──临高县(6)
   │  ├──白沙黎族自治县(6)
   │  ├──昌江黎族自治县(6)
   │  ├──乐东黎族自治县(6)
   │  ├──陵水黎族自治县(6)
   │  ├──保亭黎族苗族自治县(6)
   │  ├──琼中黎族苗族自治县(6)
   ├──广东省(4)
   │  ├──中山市(5)
   │  ├──珠海市(5)
   │  │  ├──香洲区(6)
   │  │  ├──斗门区(6)
   │  │  └──金湾区(6)
   │  ├──佛山市(5)
   │  │  ├──三水区(6)
   │  │  ├──顺德区(6)
   │  │  ├──禅城区(6)
   │  │  ├──高明区(6)
   │  │  └──南海区(6)
   │  ├──深圳市(5)
   │  │  ├──宝安区(6)
   │  │  ├──福田区(6)
   │  │  ├──龙岗区(6)
   │  │  │  └──大鹏新区(7)
   │  │  ├──龙华区(6)
   │  │  ├──罗湖区(6)
   │  │  ├──南山区(6)
   │  │  ├──坪山区(6)
   │  │  ├──盐田区(6)
   │  │  ├──光明区(6)
   │  │  └──深汕特别合作区(6)
   │  ├──东莞市(5)
   │  ├──惠州市(5)
   │  │  ├──博罗县(6)
   │  │  ├──惠城区(6)
   │  │  ├──惠东县(6)
   │  │  ├──惠阳区(6)
   │  │  ├──龙门县(6)
   │  │  └──惠州大亚湾经济技术开发区(7)
   │  ├──江门市(5)
   │  │  ├──鹤山市(6)
   │  │  ├──蓬江区(6)
   │  │  ├──恩平市(6)
   │  │  ├──江海区(6)
   │  │  ├──开平市(6)
   │  │  ├──台山市(6)
   │  │  └──新会区(6)
   │  ├──广州市(5)
   │  │  ├──白云区(6)
   │  │  ├──花都区(6)
   │  │  ├──荔湾区(6)
   │  │  ├──番禺区(6)
   │  │  ├──海珠区(6)
   │  │  ├──南沙区(6)
   │  │  ├──从化区(6)
   │  │  ├──增城区(6)
   │  │  ├──越秀区(6)
   │  │  ├──黄埔区(6)
   │  │  └──天河区(6)
   │  ├──汕头市(5)
   │  │  ├──潮阳区(6)
   │  │  ├──龙湖区(6)
   │  │  ├──澄海区(6)
   │  │  ├──南澳县(6)
   │  │  ├──潮南区(6)
   │  │  ├──濠江区(6)
   │  │  └──金平区(6)
   │  ├──汕尾市(5)
   │  │  ├──海丰县(6)
   │  │  ├──陆河县(6)
   │  │  ├──陆丰市(6)
   │  │  └──城区(6)
   │  ├──茂名市(5)
   │  │  ├──电白区(6)
   │  │  ├──高州市(6)
   │  │  ├──化州市(6)
   │  │  ├──茂南区(6)
   │  │  └──信宜市(6)
   │  ├──潮州市(5)
   │  │  ├──湘桥区(6)
   │  │  ├──饶平县(6)
   │  │  └──潮安区(6)
   │  ├──河源市(5)
   │  │  ├──东源县(6)
   │  │  ├──连平县(6)
   │  │  ├──和平县(6)
   │  │  ├──龙川县(6)
   │  │  ├──紫金县(6)
   │  │  └──源城区(6)
   │  ├──梅州市(5)
   │  │  ├──梅江区(6)
   │  │  ├──蕉岭县(6)
   │  │  ├──大埔县(6)
   │  │  ├──兴宁市(6)
   │  │  ├──平远县(6)
   │  │  ├──梅县区(6)
   │  │  ├──五华县(6)
   │  │  └──丰顺县(6)
   │  ├──肇庆市(5)
   │  │  ├──四会市(6)
   │  │  ├──端州区(6)
   │  │  ├──怀集县(6)
   │  │  ├──高要区(6)
   │  │  ├──封开县(6)
   │  │  ├──鼎湖区(6)
   │  │  ├──德庆县(6)
   │  │  └──广宁县(6)
   │  ├──韶关市(5)
   │  │  ├──乐昌市(6)
   │  │  ├──乳源瑶族自治县(6)
   │  │  ├──仁化县(6)
   │  │  ├──武江区(6)
   │  │  ├──新丰县(6)
   │  │  ├──曲江区(6)
   │  │  ├──浈江区(6)
   │  │  ├──始兴县(6)
   │  │  ├──翁源县(6)
   │  │  └──南雄市(6)
   │  ├──清远市(5)
   │  │  ├──佛冈县(6)
   │  │  ├──英德市(6)
   │  │  ├──连南瑶族自治县(6)
   │  │  ├──阳山县(6)
   │  │  ├──连州市(6)
   │  │  ├──连山壮族瑶族自治县(6)
   │  │  ├──清城区(6)
   │  │  └──清新区(6)
   │  ├──阳江市(5)
   │  │  ├──阳春市(6)
   │  │  ├──阳东区(6)
   │  │  ├──阳西县(6)
   │  │  └──江城区(6)
   │  ├──湛江市(5)
   │  │  ├──赤坎区(6)
   │  │  ├──雷州市(6)
   │  │  ├──廉江市(6)
   │  │  ├──麻章区(6)
   │  │  ├──坡头区(6)
   │  │  ├──遂溪县(6)
   │  │  ├──霞山区(6)
   │  │  ├──徐闻县(6)
   │  │  └──吴川市(6)
   │  ├──揭阳市(5)
   │  │  ├──普宁市(6)
   │  │  ├──揭西县(6)
   │  │  ├──惠来县(6)
   │  │  ├──揭东区(6)
   │  │  └──榕城区(6)
   │  ├──云浮市(5)
   │  │  ├──新兴县(6)
   │  │  ├──云城区(6)
   │  │  ├──云安区(6)
   │  │  ├──郁南县(6)
   │  │  └──罗定市(6)
   │  └──横琴粤澳深度合作区(7)
   ├──湖南省(4)
   │  ├──湘西土家族苗族自治州(5)
   │  │  ├──保靖县(6)
   │  │  ├──吉首市(6)
   │  │  ├──花垣县(6)
   │  │  ├──凤凰县(6)
   │  │  ├──泸溪县(6)
   │  │  ├──古丈县(6)
   │  │  ├──龙山县(6)
   │  │  └──永顺县(6)
   │  ├──娄底市(5)
   │  │  ├──冷水江市(6)
   │  │  ├──涟源市(6)
   │  │  ├──娄星区(6)
   │  │  ├──双峰县(6)
   │  │  └──新化县(6)
   │  ├──怀化市(5)
   │  │  ├──溆浦县(6)
   │  │  ├──麻阳苗族自治县(6)
   │  │  ├──新晃侗族自治县(6)
   │  │  ├──中方县(6)
   │  │  ├──沅陵县(6)
   │  │  ├──洪江市(6)
   │  │  │  └──洪江管理区(7)
   │  │  ├──通道侗族自治县(6)
   │  │  ├──辰溪县(6)
   │  │  ├──靖州苗族侗族自治县(6)
   │  │  ├──鹤城区(6)
   │  │  ├──芷江侗族自治县(6)
   │  │  ├──会同县(6)
   │  ├──永州市(5)
   │  │  ├──零陵区(6)
   │  │  ├──冷水滩区(6)
   │  │  ├──东安县(6)
   │  │  ├──双牌县(6)
   │  │  ├──道县(6)
   │  │  ├──江永县(6)
   │  │  ├──宁远县(6)
   │  │  ├──蓝山县(6)
   │  │  ├──新田县(6)
   │  │  ├──江华瑶族自治县(6)
   │  │  ├──祁阳市(6)
   │  │  │  └──金洞管理区(7)
   │  │  ├──回龙圩管理区(7)
   │  ├──郴州市(5)
   │  │  ├──桂东县(6)
   │  │  ├──汝城县(6)
   │  │  ├──嘉禾县(6)
   │  │  ├──苏仙区(6)
   │  │  ├──资兴市(6)
   │  │  ├──永兴县(6)
   │  │  ├──临武县(6)
   │  │  ├──北湖区(6)
   │  │  ├──宜章县(6)
   │  │  ├──桂阳县(6)
   │  │  └──安仁县(6)
   │  ├──益阳市(5)
   │  │  ├──赫山区(6)
   │  │  ├──桃江县(6)
   │  │  ├──资阳区(6)
   │  │  ├──南县(6)
   │  │  │  └──大通湖管理区(7)
   │  │  ├──安化县(6)
   │  │  ├──沅江市(6)
   │  ├──张家界市(5)
   │  │  ├──慈利县(6)
   │  │  ├──桑植县(6)
   │  │  ├──武陵源区(6)
   │  │  └──永定区(6)
   │  ├──常德市(5)
   │  │  ├──澧县(6)
   │  │  ├──汉寿县(6)
   │  │  │  └──西湖管理区(7)
   │  │  ├──鼎城区(6)
   │  │  │  └──西洞庭管理区(7)
   │  │  ├──津市市(6)
   │  │  ├──武陵区(6)
   │  │  ├──临澧县(6)
   │  │  ├──安乡县(6)
   │  │  ├──桃源县(6)
   │  │  ├──石门县(6)
   │  │  ├──常德经济技术开发区(7)
   │  ├──岳阳市(5)
   │  │  ├──屈原管理区(7)
   │  │  ├──云溪区(6)
   │  │  ├──岳阳楼区(6)
   │  │  │  └──岳阳经济技术开发区(7)
   │  │  ├──岳阳县(6)
   │  │  ├──湘阴县(6)
   │  │  ├──平江县(6)
   │  │  ├──临湘市(6)
   │  │  ├──汨罗市(6)
   │  │  ├──君山区(6)
   │  │  ├──华容县(6)
   │  ├──邵阳市(5)
   │  │  ├──新宁县(6)
   │  │  ├──邵东市(6)
   │  │  ├──新邵县(6)
   │  │  ├──北塔区(6)
   │  │  ├──隆回县(6)
   │  │  ├──双清区(6)
   │  │  ├──城步苗族自治县(6)
   │  │  ├──武冈市(6)
   │  │  ├──大祥区(6)
   │  │  ├──邵阳县(6)
   │  │  ├──绥宁县(6)
   │  │  └──洞口县(6)
   │  ├──衡阳市(5)
   │  │  ├──珠晖区(6)
   │  │  ├──常宁市(6)
   │  │  ├──衡东县(6)
   │  │  ├──衡南县(6)
   │  │  ├──衡山县(6)
   │  │  ├──衡阳县(6)
   │  │  ├──耒阳市(6)
   │  │  ├──南岳区(6)
   │  │  ├──祁东县(6)
   │  │  ├──石鼓区(6)
   │  │  ├──雁峰区(6)
   │  │  └──蒸湘区(6)
   │  ├──湘潭市(5)
   │  │  ├──岳塘区(6)
   │  │  ├──雨湖区(6)
   │  │  ├──湘乡市(6)
   │  │  ├──湘潭县(6)
   │  │  └──韶山市(6)
   │  ├──株洲市(5)
   │  │  ├──炎陵县(6)
   │  │  ├──天元区(6)
   │  │  ├──芦淞区(6)
   │  │  ├──荷塘区(6)
   │  │  ├──石峰区(6)
   │  │  ├──渌口区(6)
   │  │  ├──茶陵县(6)
   │  │  ├──醴陵市(6)
   │  │  └──攸县(6)
   │  └──长沙市(5)
   │     ├──芙蓉区(6)
   │     ├──雨花区(6)
   │     ├──开福区(6)
   │     ├──岳麓区(6)
   │     ├──望城区(6)
   │     ├──宁乡市(6)
   │     ├──长沙县(6)
   │     ├──浏阳市(6)
   │     └──天心区(6)
   ├──湖北省(4)
   │  ├──武汉市(5)
   │  │  ├──江岸区(6)
   │  │  ├──江汉区(6)
   │  │  ├──硚口区(6)
   │  │  ├──汉阳区(6)
   │  │  ├──武昌区(6)
   │  │  ├──青山区(6)
   │  │  ├──洪山区(6)
   │  │  ├──东西湖区(6)
   │  │  ├──武汉经济技术开发区（汉南区）(6)
   │  │  ├──蔡甸区(6)
   │  │  ├──江夏区(6)
   │  │  ├──黄陂区(6)
   │  │  ├──新洲区(6)
   │  │  ├──东湖新技术开发区(7)
   │  │  └──东湖生态旅游风景区(7)
   │  ├──黄石市(5)
   │  │  ├──黄石港区(6)
   │  │  ├──西塞山区(6)
   │  │  ├──下陆区(6)
   │  │  ├──铁山区(6)
   │  │  ├──阳新县(6)
   │  │  └──大冶市(6)
   │  ├──十堰市(5)
   │  │  ├──茅箭区(6)
   │  │  ├──张湾区(6)
   │  │  ├──郧阳区(6)
   │  │  ├──郧西县(6)
   │  │  ├──竹山县(6)
   │  │  ├──竹溪县(6)
   │  │  ├──房县(6)
   │  │  └──丹江口市(6)
   │  ├──宜昌市(5)
   │  │  ├──西陵区(6)
   │  │  ├──伍家岗区(6)
   │  │  ├──点军区(6)
   │  │  ├──猇亭区(6)
   │  │  ├──夷陵区(6)
   │  │  ├──远安县(6)
   │  │  ├──兴山县(6)
   │  │  ├──秭归县(6)
   │  │  ├──长阳土家族自治县(6)
   │  │  ├──五峰土家族自治县(6)
   │  │  ├──宜都市(6)
   │  │  ├──当阳市(6)
   │  │  └──枝江市(6)
   │  ├──襄阳市(5)
   │  │  ├──樊城区(6)
   │  │  ├──襄城区(6)
   │  │  ├──老河口市(6)
   │  │  ├──襄州区(6)
   │  │  ├──枣阳市(6)
   │  │  ├──保康县(6)
   │  │  ├──南漳县(6)
   │  │  ├──宜城市(6)
   │  │  └──谷城县(6)
   │  ├──鄂州市(5)
   │  │  ├──鄂城区(6)
   │  │  ├──华容区(6)
   │  │  └──梁子湖区(6)
   │  ├──荆门市(5)
   │  │  ├──东宝区(6)
   │  │  ├──掇刀区(6)
   │  │  ├──京山市(6)
   │  │  ├──沙洋县(6)
   │  │  └──钟祥市(6)
   │  ├──孝感市(5)
   │  │  ├──汉川市(6)
   │  │  ├──孝南区(6)
   │  │  ├──孝昌县(6)
   │  │  ├──大悟县(6)
   │  │  ├──云梦县(6)
   │  │  ├──安陆市(6)
   │  │  └──应城市(6)
   │  ├──荆州市(5)
   │  │  ├──洪湖市(6)
   │  │  ├──监利市(6)
   │  │  ├──沙市区(6)
   │  │  ├──江陵县(6)
   │  │  ├──石首市(6)
   │  │  ├──公安县(6)
   │  │  ├──荆州区(6)
   │  │  └──松滋市(6)
   │  ├──黄冈市(5)
   │  │  ├──黄州区(6)
   │  │  ├──团风县(6)
   │  │  ├──红安县(6)
   │  │  ├──罗田县(6)
   │  │  ├──英山县(6)
   │  │  ├──浠水县(6)
   │  │  ├──蕲春县(6)
   │  │  ├──黄梅县(6)
   │  │  ├──麻城市(6)
   │  │  └──武穴市(6)
   │  ├──咸宁市(5)
   │  │  ├──嘉鱼县(6)
   │  │  ├──通城县(6)
   │  │  ├──咸安区(6)
   │  │  ├──崇阳县(6)
   │  │  ├──通山县(6)
   │  │  └──赤壁市(6)
   │  ├──随州市(5)
   │  │  ├──随县(6)
   │  │  ├──广水市(6)
   │  │  └──曾都区(6)
   │  ├──恩施土家族苗族自治州(5)
   │  │  ├──鹤峰县(6)
   │  │  ├──宣恩县(6)
   │  │  ├──来凤县(6)
   │  │  ├──咸丰县(6)
   │  │  ├──利川市(6)
   │  │  ├──恩施市(6)
   │  │  ├──建始县(6)
   │  │  └──巴东县(6)
   │  ├──仙桃市(6)
   │  ├──潜江市(6)
   │  ├──天门市(6)
   │  └──神农架林区(6)
   ├──河南省(4)
   │  ├──周口市(5)
   │  │  ├──川汇区(6)
   │  │  ├──郸城县(6)
   │  │  ├──扶沟县(6)
   │  │  ├──鹿邑县(6)
   │  │  ├──商水县(6)
   │  │  ├──沈丘县(6)
   │  │  ├──太康县(6)
   │  │  ├──项城市(6)
   │  │  ├──西华县(6)
   │  │  └──淮阳区(6)
   │  ├──漯河市(5)
   │  │  ├──临颍县(6)
   │  │  ├──召陵区(6)
   │  │  ├──舞阳县(6)
   │  │  ├──郾城区(6)
   │  │  └──源汇区(6)
   │  ├──开封市(5)
   │  │  ├──鼓楼区(6)
   │  │  ├──兰考县(6)
   │  │  ├──龙亭区(6)
   │  │  ├──杞县(6)
   │  │  ├──顺河回族区(6)
   │  │  ├──通许县(6)
   │  │  ├──尉氏县(6)
   │  │  ├──祥符区(6)
   │  │  └──禹王台区(6)
   │  ├──许昌市(5)
   │  │  ├──鄢陵县(6)
   │  │  ├──魏都区(6)
   │  │  ├──襄城县(6)
   │  │  ├──建安区(6)
   │  │  ├──禹州市(6)
   │  │  └──长葛市(6)
   │  ├──郑州市(5)
   │  │  ├──登封市(6)
   │  │  ├──二七区(6)
   │  │  ├──巩义市(6)
   │  │  ├──管城回族区(6)
   │  │  ├──金水区(6)
   │  │  ├──上街区(6)
   │  │  ├──荥阳市(6)
   │  │  ├──新密市(6)
   │  │  ├──新郑市(6)
   │  │  ├──中牟县(6)
   │  │  ├──中原区(6)
   │  │  └──郑州航空港经济综合实验区(7)
   │  ├──平顶山市(5)
   │  │  ├──宝丰县(6)
   │  │  ├──汝州市(6)
   │  │  ├──叶县(6)
   │  │  ├──新华区(6)
   │  │  ├──鲁山县(6)
   │  │  ├──湛河区(6)
   │  │  ├──舞钢市(6)
   │  │  ├──石龙区(6)
   │  │  ├──卫东区(6)
   │  │  ├──郏县(6)
   │  │  ├──平顶山高新技术产业开发区(7)
   │  │  └──平顶山市城乡一体化示范区(7)
   │  ├──驻马店市(5)
   │  │  ├──遂平县(6)
   │  │  ├──西平县(6)
   │  │  ├──上蔡县(6)
   │  │  ├──正阳县(6)
   │  │  ├──驿城区(6)
   │  │  ├──新蔡县(6)
   │  │  ├──平舆县(6)
   │  │  ├──泌阳县(6)
   │  │  ├──汝南县(6)
   │  │  └──确山县(6)
   │  ├──洛阳市(5)
   │  │  ├──瀍河回族区(6)
   │  │  ├──嵩县(6)
   │  │  ├──偃师区(6)
   │  │  ├──涧西区(6)
   │  │  ├──宜阳县(6)
   │  │  ├──洛龙区(6)
   │  │  ├──洛宁县(6)
   │  │  ├──老城区(6)
   │  │  ├──汝阳县(6)
   │  │  ├──孟津区(6)
   │  │  ├──伊川县(6)
   │  │  ├──西工区(6)
   │  │  ├──新安县(6)
   │  │  │  └──新安经济技术开发区(7)
   │  │  ├──栾川县(6)
   │  │  ├──洛阳高新技术产业开发区(7)
   │  │  └──伊滨区(7)
   │  ├──焦作市(5)
   │  │  ├──山阳区(6)
   │  │  ├──解放区(6)
   │  │  ├──马村区(6)
   │  │  ├──中站区(6)
   │  │  ├──沁阳市(6)
   │  │  ├──武陟县(6)
   │  │  ├──孟州市(6)
   │  │  ├──博爱县(6)
   │  │  ├──修武县(6)
   │  │  └──温县(6)
   │  ├──新乡市(5)
   │  │  ├──辉县市(6)
   │  │  ├──新乡县(6)
   │  │  ├──红旗区(6)
   │  │  ├──获嘉县(6)
   │  │  ├──凤泉区(6)
   │  │  ├──原阳县(6)
   │  │  ├──卫滨区(6)
   │  │  ├──延津县(6)
   │  │  ├──卫辉市(6)
   │  │  ├──牧野区(6)
   │  │  ├──封丘县(6)
   │  │  └──长垣市(6)
   │  ├──商丘市(5)
   │  │  ├──睢阳区(6)
   │  │  ├──梁园区(6)
   │  │  ├──民权县(6)
   │  │  ├──宁陵县(6)
   │  │  ├──睢县(6)
   │  │  ├──夏邑县(6)
   │  │  ├──永城市(6)
   │  │  ├──虞城县(6)
   │  │  └──柘城县(6)
   │  ├──信阳市(5)
   │  │  ├──潢川县(6)
   │  │  ├──淮滨县(6)
   │  │  ├──罗山县(6)
   │  │  ├──息县(6)
   │  │  ├──商城县(6)
   │  │  ├──浉河区(6)
   │  │  ├──平桥区(6)
   │  │  ├──光山县(6)
   │  │  ├──新县(6)
   │  │  └──固始县(6)
   │  ├──南阳市(5)
   │  │  ├──方城县(6)
   │  │  ├──邓州市(6)
   │  │  ├──宛城区(6)
   │  │  ├──南召县(6)
   │  │  ├──新野县(6)
   │  │  ├──镇平县(6)
   │  │  ├──唐河县(6)
   │  │  ├──卧龙区(6)
   │  │  ├──桐柏县(6)
   │  │  ├──淅川县(6)
   │  │  ├──社旗县(6)
   │  │  ├──内乡县(6)
   │  │  ├──西峡县(6)
   │  │  └──官庄工区(7)
   │  ├──濮阳市(5)
   │  │  ├──华龙区(6)
   │  │  ├──清丰县(6)
   │  │  ├──南乐县(6)
   │  │  ├──范县(6)
   │  │  ├──台前县(6)
   │  │  ├──濮阳县(6)
   │  │  └──濮阳经济技术开发区(7)
   │  ├──三门峡市(5)
   │  │  ├──湖滨区(6)
   │  │  ├──灵宝市(6)
   │  │  ├──渑池县(6)
   │  │  ├──陕州区(6)
   │  │  ├──义马市(6)
   │  │  └──卢氏县(6)
   │  ├──安阳市(5)
   │  │  ├──北关区(6)
   │  │  ├──安阳县(6)
   │  │  ├──滑县(6)
   │  │  ├──林州市(6)
   │  │  ├──龙安区(6)
   │  │  ├──内黄县(6)
   │  │  ├──汤阴县(6)
   │  │  ├──文峰区(6)
   │  │  └──殷都区(6)
   │  ├──鹤壁市(5)
   │  │  ├──鹤山区(6)
   │  │  ├──淇县(6)
   │  │  ├──淇滨区(6)
   │  │  ├──山城区(6)
   │  │  └──浚县(6)
   │  └──济源市(6)
   ├──河北省(4)
   │  ├──保定市(5)
   │  │  ├──竞秀区(6)
   │  │  ├──莲池区(6)
   │  │  ├──满城区(6)
   │  │  ├──清苑区(6)
   │  │  ├──徐水区(6)
   │  │  ├──涞水县(6)
   │  │  ├──阜平县(6)
   │  │  ├──定兴县(6)
   │  │  ├──唐县(6)
   │  │  ├──高阳县(6)
   │  │  ├──容城县(6)
   │  │  ├──涞源县(6)
   │  │  ├──望都县(6)
   │  │  ├──安新县(6)
   │  │  ├──易县(6)
   │  │  ├──曲阳县(6)
   │  │  ├──蠡县(6)
   │  │  ├──顺平县(6)
   │  │  ├──博野县(6)
   │  │  ├──雄县(6)
   │  │  ├──涿州市(6)
   │  │  ├──定州市(6)
   │  │  ├──安国市(6)
   │  │  └──高碑店市(6)
   │  ├──沧州市(5)
   │  │  ├──泊头市(6)
   │  │  ├──沧县(6)
   │  │  ├──东光县(6)
   │  │  ├──海兴县(6)
   │  │  ├──河间市(6)
   │  │  ├──黄骅市(6)
   │  │  ├──孟村回族自治县(6)
   │  │  ├──南皮县(6)
   │  │  ├──青县(6)
   │  │  ├──任丘市(6)
   │  │  ├──肃宁县(6)
   │  │  ├──吴桥县(6)
   │  │  ├──献县(6)
   │  │  ├──新华区(6)
   │  │  ├──盐山县(6)
   │  │  └──运河区(6)
   │  ├──衡水市(5)
   │  │  ├──安平县(6)
   │  │  ├──阜城县(6)
   │  │  ├──故城县(6)
   │  │  ├──景县(6)
   │  │  ├──冀州区(6)
   │  │  ├──饶阳县(6)
   │  │  ├──深州市(6)
   │  │  ├──桃城区(6)
   │  │  ├──武强县(6)
   │  │  ├──武邑县(6)
   │  │  └──枣强县(6)
   │  ├──张家口市(5)
   │  │  ├──赤城县(6)
   │  │  ├──崇礼区(6)
   │  │  ├──沽源县(6)
   │  │  ├──怀安县(6)
   │  │  ├──怀来县(6)
   │  │  ├──康保县(6)
   │  │  ├──桥东区(6)
   │  │  ├──桥西区(6)
   │  │  ├──尚义县(6)
   │  │  ├──万全区(6)
   │  │  ├──下花园区(6)
   │  │  ├──宣化区(6)
   │  │  ├──阳原县(6)
   │  │  ├──蔚县(6)
   │  │  ├──张北县(6)
   │  │  └──涿鹿县(6)
   │  │     └──南山区(7)
   │  ├──邯郸市(5)
   │  │  ├──成安县(6)
   │  │  ├──磁县(6)
   │  │  ├──大名县(6)
   │  │  ├──肥乡区(6)
   │  │  ├──峰峰矿区(6)
   │  │  ├──复兴区(6)
   │  │  ├──广平县(6)
   │  │  ├──馆陶县(6)
   │  │  ├──丛台区(6)
   │  │  ├──邯山区(6)
   │  │  ├──鸡泽县(6)
   │  │  ├──临漳县(6)
   │  │  ├──邱县(6)
   │  │  ├──曲周县(6)
   │  │  ├──涉县(6)
   │  │  ├──魏县(6)
   │  │  ├──武安市(6)
   │  │  └──永年区(6)
   │  ├──邢台市(5)
   │  │  ├──柏乡县(6)
   │  │  ├──广宗县(6)
   │  │  ├──巨鹿县(6)
   │  │  ├──临城县(6)
   │  │  ├──临西县(6)
   │  │  ├──隆尧县(6)
   │  │  ├──南宫市(6)
   │  │  ├──南和区(6)
   │  │  ├──内丘县(6)
   │  │  ├──宁晋县(6)
   │  │  ├──平乡县(6)
   │  │  ├──信都区(6)
   │  │  ├──清河县(6)
   │  │  ├──任泽区(6)
   │  │  ├──沙河市(6)
   │  │  ├──威县(6)
   │  │  ├──襄都区(6)
   │  │  └──新河县(6)
   │  ├──石家庄市(5)
   │  │  ├──行唐县(6)
   │  │  ├──赵县(6)
   │  │  ├──新乐市(6)
   │  │  ├──高邑县(6)
   │  │  ├──正定县(6)
   │  │  ├──元氏县(6)
   │  │  ├──辛集市(6)
   │  │  ├──赞皇县(6)
   │  │  ├──深泽县(6)
   │  │  ├──栾城区(6)
   │  │  ├──灵寿县(6)
   │  │  ├──无极县(6)
   │  │  ├──晋州市(6)
   │  │  ├──藁城区(6)
   │  │  ├──鹿泉区(6)
   │  │  ├──长安区(6)
   │  │  ├──桥西区(6)
   │  │  ├──新华区(6)
   │  │  ├──裕华区(6)
   │  │  ├──井陉县(6)
   │  │  ├──井陉矿区(6)
   │  │  └──平山县(6)
   │  ├──承德市(5)
   │  │  ├──围场满族蒙古族自治县 ᠸᠧᠢᠴᠠᠩ ᠮᠠᠨᠵᠤ ᠮᠣᠩᠭᠣᠯ ᠥᠪᠡᠷᠲᠡᠭᠡᠨ ᠵᠠᠰᠠᠬᠤ ᠰᠢᠶᠠᠨ(6)
   │  │  ├──丰宁满族自治县(6)
   │  │  ├──宽城满族自治县(6)
   │  │  ├──隆化县(6)
   │  │  ├──滦平县(6)
   │  │  ├──平泉市(6)
   │  │  ├──承德县(6)
   │  │  ├──双滦区(6)
   │  │  ├──双桥区(6)
   │  │  ├──兴隆县(6)
   │  │  ├──鹰手营子矿区(6)
   │  │  └──承德高新技术产业开发区(7)
   │  ├──秦皇岛市(5)
   │  │  ├──青龙满族自治县(6)
   │  │  ├──北戴河区(6)
   │  │  ├──卢龙县(6)
   │  │  ├──山海关区(6)
   │  │  ├──昌黎县(6)
   │  │  ├──抚宁区(6)
   │  │  └──海港区(6)
   │  ├──廊坊市(5)
   │  │  ├──广阳区(6)
   │  │  ├──霸州市(6)
   │  │  ├──香河县(6)
   │  │  ├──永清县(6)
   │  │  ├──固安县(6)
   │  │  ├──三河市(6)
   │  │  ├──大厂回族自治县(6)
   │  │  ├──安次区(6)
   │  │  ├──文安县(6)
   │  │  └──大城县(6)
   │  ├──唐山市(5)
   │  │  ├──曹妃甸区(6)
   │  │  ├──丰南区(6)
   │  │  ├──丰润区(6)
   │  │  ├──古冶区(6)
   │  │  ├──开平区(6)
   │  │  ├──乐亭县(6)
   │  │  ├──滦州市(6)
   │  │  ├──滦南县(6)
   │  │  ├──路南区(6)
   │  │  ├──迁安市(6)
   │  │  ├──迁西县(6)
   │  │  ├──玉田县(6)
   │  │  ├──遵化市(6)
   │  │  ├──路北区(6)
   │  │  ├──芦台经济开发区(7)
   │  │  └──汉沽管理区(7)
   │  └──雄安新区(5)
   ├──陕西省(4)
   │  ├──铜川市(5)
   │  │  ├──印台区(6)
   │  │  ├──耀州区(6)
   │  │  ├──王益区(6)
   │  │  └──宜君县(6)
   │  ├──西安市(5)
   │  │  ├──新城区(6)
   │  │  ├──碑林区(6)
   │  │  ├──莲湖区(6)
   │  │  ├──灞桥区(6)
   │  │  ├──未央区(6)
   │  │  ├──雁塔区(6)
   │  │  ├──阎良区(6)
   │  │  ├──临潼区(6)
   │  │  ├──长安区(6)
   │  │  ├──高陵区(6)
   │  │  ├──鄠邑区(6)
   │  │  ├──蓝田县(6)
   │  │  └──周至县(6)
   │  ├──咸阳市(5)
   │  │  ├──杨陵区(6)
   │  │  ├──旬邑县(6)
   │  │  ├──乾县(6)
   │  │  ├──永寿县(6)
   │  │  ├──礼泉县(6)
   │  │  ├──长武县(6)
   │  │  ├──秦都区(6)
   │  │  ├──三原县(6)
   │  │  ├──泾阳县(6)
   │  │  ├──兴平市(6)
   │  │  ├──渭城区(6)
   │  │  ├──彬州市(6)
   │  │  ├──武功县(6)
   │  │  └──淳化县(6)
   │  ├──宝鸡市(5)
   │  │  ├──扶风县(6)
   │  │  ├──陇县(6)
   │  │  ├──凤县(6)
   │  │  ├──千阳县(6)
   │  │  ├──渭滨区(6)
   │  │  ├──凤翔区(6)
   │  │  ├──岐山县(6)
   │  │  ├──太白县(6)
   │  │  ├──金台区(6)
   │  │  ├──麟游县(6)
   │  │  ├──陈仓区(6)
   │  │  └──眉县(6)
   │  ├──渭南市(5)
   │  │  ├──蒲城县(6)
   │  │  ├──合阳县(6)
   │  │  ├──澄城县(6)
   │  │  ├──临渭区(6)
   │  │  ├──华阴市(6)
   │  │  ├──华州区(6)
   │  │  ├──白水县(6)
   │  │  ├──韩城市(6)
   │  │  ├──富平县(6)
   │  │  ├──潼关县(6)
   │  │  └──大荔县(6)
   │  ├──延安市(5)
   │  │  ├──延长县(6)
   │  │  ├──延川县(6)
   │  │  ├──黄龙县(6)
   │  │  ├──宝塔区(6)
   │  │  ├──宜川县(6)
   │  │  ├──吴起县(6)
   │  │  ├──富县(6)
   │  │  ├──黄陵县(6)
   │  │  ├──洛川县(6)
   │  │  ├──安塞区(6)
   │  │  ├──子长市(6)
   │  │  ├──甘泉县(6)
   │  │  └──志丹县(6)
   │  ├──榆林市(5)
   │  │  ├──榆阳区(6)
   │  │  ├──佳县(6)
   │  │  ├──米脂县(6)
   │  │  ├──子洲县(6)
   │  │  ├──府谷县(6)
   │  │  ├──横山区(6)
   │  │  ├──神木市(6)
   │  │  ├──清涧县(6)
   │  │  ├──靖边县(6)
   │  │  ├──绥德县(6)
   │  │  ├──定边县(6)
   │  │  └──吴堡县(6)
   │  ├──安康市(5)
   │  │  ├──镇坪县(6)
   │  │  ├──宁陕县(6)
   │  │  ├──白河县(6)
   │  │  ├──汉滨区(6)
   │  │  ├──旬阳市(6)
   │  │  ├──石泉县(6)
   │  │  ├──汉阴县(6)
   │  │  ├──岚皋县(6)
   │  │  ├──紫阳县(6)
   │  │  └──平利县(6)
   │  ├──商洛市(5)
   │  │  ├──洛南县(6)
   │  │  ├──商南县(6)
   │  │  ├──丹凤县(6)
   │  │  ├──商州区(6)
   │  │  ├──山阳县(6)
   │  │  ├──柞水县(6)
   │  │  └──镇安县(6)
   │  └──汉中市(5)
   │     ├──汉台区(6)
   │     ├──城固县(6)
   │     ├──南郑区(6)
   │     ├──宁强县(6)
   │     ├──略阳县(6)
   │     ├──留坝县(6)
   │     ├──洋县(6)
   │     ├──镇巴县(6)
   │     ├──佛坪县(6)
   │     ├──勉县(6)
   │     └──西乡县(6)
   ├──山西省(4)
   │  ├──晋中市(5)
   │  │  ├──和顺县(6)
   │  │  ├──介休市(6)
   │  │  ├──灵石县(6)
   │  │  ├──平遥县(6)
   │  │  ├──祁县(6)
   │  │  ├──寿阳县(6)
   │  │  ├──太谷区(6)
   │  │  ├──昔阳县(6)
   │  │  ├──榆次区(6)
   │  │  ├──榆社县(6)
   │  │  └──左权县(6)
   │  ├──太原市(5)
   │  │  ├──古交市(6)
   │  │  ├──尖草坪区(6)
   │  │  ├──晋源区(6)
   │  │  ├──娄烦县(6)
   │  │  ├──清徐县(6)
   │  │  ├──万柏林区(6)
   │  │  ├──小店区(6)
   │  │  ├──杏花岭区(6)
   │  │  ├──阳曲县(6)
   │  │  └──迎泽区(6)
   │  ├──临汾市(5)
   │  │  ├──尧都区(6)
   │  │  ├──隰县(6)
   │  │  ├──汾西县(6)
   │  │  ├──蒲县(6)
   │  │  ├──洪洞县(6)
   │  │  ├──乡宁县(6)
   │  │  ├──吉县(6)
   │  │  ├──古县(6)
   │  │  ├──侯马市(6)
   │  │  ├──霍州市(6)
   │  │  ├──曲沃县(6)
   │  │  ├──大宁县(6)
   │  │  ├──襄汾县(6)
   │  │  ├──安泽县(6)
   │  │  ├──永和县(6)
   │  │  ├──浮山县(6)
   │  │  └──翼城县(6)
   │  ├──阳泉市(5)
   │  │  ├──矿区(6)
   │  │  ├──郊区(6)
   │  │  ├──盂县(6)
   │  │  ├──城区(6)
   │  │  └──平定县(6)
   │  ├──吕梁市(5)
   │  │  ├──孝义市(6)
   │  │  ├──离石区(6)
   │  │  ├──临县(6)
   │  │  ├──交口县(6)
   │  │  ├──方山县(6)
   │  │  ├──柳林县(6)
   │  │  ├──兴县(6)
   │  │  ├──交城县(6)
   │  │  ├──石楼县(6)
   │  │  ├──文水县(6)
   │  │  ├──中阳县(6)
   │  │  ├──汾阳市(6)
   │  │  └──岚县(6)
   │  ├──晋城市(5)
   │  │  ├──城区(6)
   │  │  ├──陵川县(6)
   │  │  ├──高平市(6)
   │  │  ├──阳城县(6)
   │  │  ├──泽州县(6)
   │  │  └──沁水县(6)
   │  ├──大同市(5)
   │  │  ├──浑源县(6)
   │  │  ├──平城区(6)
   │  │  ├──云冈区(6)
   │  │  ├──云州区(6)
   │  │  ├──左云县(6)
   │  │  ├──天镇县(6)
   │  │  ├──广灵县(6)
   │  │  ├──新荣区(6)
   │  │  ├──灵丘县(6)
   │  │  └──阳高县(6)
   │  ├──运城市(5)
   │  │  ├──永济市(6)
   │  │  ├──垣曲县(6)
   │  │  ├──万荣县(6)
   │  │  ├──芮城县(6)
   │  │  ├──新绛县(6)
   │  │  ├──闻喜县(6)
   │  │  ├──盐湖区(6)
   │  │  ├──临猗县(6)
   │  │  ├──稷山县(6)
   │  │  ├──夏县(6)
   │  │  ├──平陆县(6)
   │  │  ├──河津市(6)
   │  │  └──绛县(6)
   │  ├──朔州市(5)
   │  │  ├──应县(6)
   │  │  ├──朔城区(6)
   │  │  ├──平鲁区(6)
   │  │  ├──右玉县(6)
   │  │  ├──山阴县(6)
   │  │  └──怀仁市(6)
   │  ├──忻州市(5)
   │  │  ├──繁峙县(6)
   │  │  ├──定襄县(6)
   │  │  ├──五台县(6)
   │  │  ├──忻府区(6)
   │  │  ├──神池县(6)
   │  │  ├──五寨县(6)
   │  │  ├──静乐县(6)
   │  │  ├──岢岚县(6)
   │  │  ├──保德县(6)
   │  │  ├──原平市(6)
   │  │  ├──河曲县(6)
   │  │  ├──偏关县(6)
   │  │  ├──宁武县(6)
   │  │  └──代县(6)
   │  └──长治市(5)
   │     ├──襄垣县(6)
   │     ├──潞州区(6)
   │     ├──潞城区(6)
   │     ├──平顺县(6)
   │     ├──黎城县(6)
   │     ├──武乡县(6)
   │     ├──沁县(6)
   │     ├──沁源县(6)
   │     ├──屯留区(6)
   │     ├──长子县(6)
   │     ├──上党区(6)
   │     └──壶关县(6)
   ├──山东省(4)
   │  ├──聊城市(5)
   │  │  ├──茌平区(6)
   │  │  ├──东阿县(6)
   │  │  ├──东昌府区(6)
   │  │  ├──高唐县(6)
   │  │  ├──冠县(6)
   │  │  ├──临清市(6)
   │  │  ├──莘县(6)
   │  │  └──阳谷县(6)
   │  ├──滨州市(5)
   │  │  ├──滨城区(6)
   │  │  ├──博兴县(6)
   │  │  ├──惠民县(6)
   │  │  ├──无棣县(6)
   │  │  ├──阳信县(6)
   │  │  ├──沾化区(6)
   │  │  └──邹平市(6)
   │  ├──德州市(5)
   │  │  ├──德城区(6)
   │  │  ├──乐陵市(6)
   │  │  ├──陵城区(6)
   │  │  ├──临邑县(6)
   │  │  ├──宁津县(6)
   │  │  ├──平原县(6)
   │  │  ├──齐河县(6)
   │  │  ├──庆云县(6)
   │  │  ├──武城县(6)
   │  │  ├──夏津县(6)
   │  │  └──禹城市(6)
   │  ├──东营市(5)
   │  │  ├──东营区(6)
   │  │  ├──广饶县(6)
   │  │  ├──河口区(6)
   │  │  ├──垦利区(6)
   │  │  └──利津县(6)
   │  ├──菏泽市(5)
   │  │  ├──巨野县(6)
   │  │  ├──东明县(6)
   │  │  ├──成武县(6)
   │  │  ├──郓城县(6)
   │  │  ├──单县(6)
   │  │  ├──鄄城县(6)
   │  │  ├──曹县(6)
   │  │  ├──牡丹区(6)
   │  │  └──定陶区(6)
   │  ├──济南市(5)
   │  │  ├──济南新旧动能转换起步区(7)
   │  │  ├──济阳区(6)
   │  │  ├──平阴县(6)
   │  │  ├──商河县(6)
   │  │  ├──章丘区(6)
   │  │  ├──天桥区(6)
   │  │  ├──历城区(6)
   │  │  ├──历下区(6)
   │  │  ├──市中区(6)
   │  │  ├──长清区(6)
   │  │  ├──槐荫区(6)
   │  │  ├──莱芜区(6)
   │  │  ├──钢城区(6)
   │  │  ├──济南高新技术产业开发区(7)
   │  │  └──南部山区(7)
   │  ├──济宁市(5)
   │  │  ├──泗水县(6)
   │  │  ├──邹城市(6)
   │  │  ├──嘉祥县(6)
   │  │  ├──微山县(6)
   │  │  ├──金乡县(6)
   │  │  ├──曲阜市(6)
   │  │  ├──鱼台县(6)
   │  │  ├──兖州区(6)
   │  │  ├──任城区(6)
   │  │  ├──汶上县(6)
   │  │  ├──梁山县(6)
   │  │  └──济宁高新技术产业开发区(7)
   │  ├──青岛市(5)
   │  │  ├──城阳区(6)
   │  │  ├──青岛西海岸新区（黄岛区）(6)
   │  │  ├──胶州市(6)
   │  │  ├──即墨区(6)
   │  │  ├──莱西市(6)
   │  │  ├──崂山区(6)
   │  │  ├──李沧区(6)
   │  │  ├──平度市(6)
   │  │  ├──市北区(6)
   │  │  └──市南区(6)
   │  ├──日照市(5)
   │  │  ├──东港区(6)
   │  │  ├──岚山区(6)
   │  │  ├──莒县(6)
   │  │  └──五莲县(6)
   │  ├──泰安市(5)
   │  │  ├──岱岳区(6)
   │  │  ├──东平县(6)
   │  │  ├──肥城市(6)
   │  │  ├──宁阳县(6)
   │  │  ├──泰山区(6)
   │  │  └──新泰市(6)
   │  ├──潍坊市(5)
   │  │  ├──安丘市(6)
   │  │  ├──昌乐县(6)
   │  │  ├──昌邑市(6)
   │  │  ├──坊子区(6)
   │  │  ├──高密市(6)
   │  │  ├──寒亭区(6)
   │  │  ├──奎文区(6)
   │  │  ├──临朐县(6)
   │  │  ├──青州市(6)
   │  │  ├──寿光市(6)
   │  │  ├──潍城区(6)
   │  │  └──诸城市(6)
   │  ├──威海市(5)
   │  │  ├──环翠区(6)
   │  │  ├──文登区(6)
   │  │  ├──荣成市(6)
   │  │  │  └──石岛管理区(7)
   │  │  ├──乳山市(6)
   │  │  ├──威海临港经济技术开发区(7)
   │  │  ├──威海火炬高技术产业开发区(7)
   │  │  └──威海经济技术开发区(7)
   │  ├──烟台市(5)
   │  │  ├──芝罘区(6)
   │  │  ├──福山区(6)
   │  │  ├──牟平区(6)
   │  │  ├──莱山区(6)
   │  │  ├──蓬莱区(6)
   │  │  ├──龙口市(6)
   │  │  ├──莱阳市(6)
   │  │  ├──莱州市(6)
   │  │  ├──招远市(6)
   │  │  ├──栖霞市(6)
   │  │  ├──海阳市(6)
   │  │  └──烟台经济技术开发区(7)
   │  ├──枣庄市(5)
   │  │  ├──峄城区(6)
   │  │  ├──薛城区(6)
   │  │  ├──滕州市(6)
   │  │  ├──市中区(6)
   │  │  ├──山亭区(6)
   │  │  └──台儿庄区(6)
   │  ├──淄博市(5)
   │  │  ├──博山区(6)
   │  │  ├──高青县(6)
   │  │  ├──桓台县(6)
   │  │  ├──临淄区(6)
   │  │  ├──沂源县(6)
   │  │  ├──张店区(6)
   │  │  ├──周村区(6)
   │  │  └──淄川区(6)
   │  └──临沂市(5)
   │     ├──兰山区(6)
   │     ├──河东区(6)
   │     ├──罗庄区(6)
   │     ├──郯城县(6)
   │     ├──莒南县(6)
   │     ├──临沭县(6)
   │     ├──沂水县(6)
   │     ├──沂南县(6)
   │     ├──蒙阴县(6)
   │     ├──平邑县(6)
   │     ├──兰陵县(6)
   │     └──费县(6)
   ├──江西省(4)
   │  ├──鹰潭市(5)
   │  │  ├──贵溪市(6)
   │  │  ├──月湖区(6)
   │  │  ├──余江区(6)
   │  │  ├──信江新区(7)
   │  │  ├──鹰潭高新区(7)
   │  │  └──龙虎山区(7)
   │  ├──景德镇市(5)
   │  │  ├──乐平市(6)
   │  │  ├──昌江区(6)
   │  │  ├──珠山区(6)
   │  │  └──浮梁县(6)
   │  ├──九江市(5)
   │  │  ├──九江经济技术开发区(7)
   │  │  ├──共青城市(6)
   │  │  ├──瑞昌市(6)
   │  │  ├──彭泽县(6)
   │  │  ├──湖口县(6)
   │  │  ├──都昌县(6)
   │  │  ├──庐山市(6)
   │  │  ├──德安县(6)
   │  │  ├──永修县(6)
   │  │  ├──修水县(6)
   │  │  ├──武宁县(6)
   │  │  ├──柴桑区(6)
   │  │  ├──浔阳区(6)
   │  │  └──濂溪区(6)
   │  ├──萍乡市(5)
   │  │  ├──安源区(6)
   │  │  ├──萍乡经开区(7)
   │  │  ├──湘东区(6)
   │  │  ├──芦溪县(6)
   │  │  ├──上栗县(6)
   │  │  └──莲花县(6)
   │  ├──新余市(5)
   │  │  ├──分宜县(6)
   │  │  └──渝水区(6)
   │  ├──宜春市(5)
   │  │  ├──袁州区(6)
   │  │  ├──宜阳新区(7)
   │  │  ├──宜春经开区(7)
   │  │  ├──明月山温泉风景名胜区(7)
   │  │  ├──万载县(6)
   │  │  ├──上高县(6)
   │  │  ├──宜丰县(6)
   │  │  ├──铜鼓县(6)
   │  │  ├──奉新县(6)
   │  │  ├──靖安县(6)
   │  │  ├──丰城市(6)
   │  │  ├──樟树市(6)
   │  │  └──高安市(6)
   │  ├──抚州市(5)
   │  │  ├──临川区(6)
   │  │  ├──南城县(6)
   │  │  ├──黎川县(6)
   │  │  ├──南丰县(6)
   │  │  ├──崇仁县(6)
   │  │  ├──乐安县(6)
   │  │  ├──宜黄县(6)
   │  │  ├──金溪县(6)
   │  │  ├──资溪县(6)
   │  │  ├──东乡区(6)
   │  │  ├──广昌县(6)
   │  │  └──金巢开发区(7)
   │  ├──赣州市(5)
   │  │  ├──兴国县(6)
   │  │  ├──大余县(6)
   │  │  ├──宁都县(6)
   │  │  ├──石城县(6)
   │  │  ├──寻乌县(6)
   │  │  ├──信丰县(6)
   │  │  ├──南康区(6)
   │  │  ├──瑞金市(6)
   │  │  ├──安远县(6)
   │  │  ├──会昌县(6)
   │  │  ├──章贡区(6)
   │  │  ├──崇义县(6)
   │  │  ├──于都县(6)
   │  │  ├──赣县区(6)
   │  │  ├──上犹县(6)
   │  │  ├──定南县(6)
   │  │  ├──龙南市(6)
   │  │  └──全南县(6)
   │  ├──上饶市(5)
   │  │  ├──信州区(6)
   │  │  ├──广丰区(6)
   │  │  ├──广信区(6)
   │  │  ├──玉山县(6)
   │  │  ├──铅山县(6)
   │  │  ├──横峰县(6)
   │  │  ├──弋阳县(6)
   │  │  ├──余干县(6)
   │  │  ├──鄱阳县(6)
   │  │  ├──万年县(6)
   │  │  ├──婺源县(6)
   │  │  ├──德兴市(6)
   │  │  └──三清山风景名胜区(7)
   │  ├──吉安市(5)
   │  │  ├──吉州区(6)
   │  │  ├──青原区(6)
   │  │  ├──吉安县(6)
   │  │  ├──吉水县(6)
   │  │  ├──峡江县(6)
   │  │  ├──新干县(6)
   │  │  ├──永丰县(6)
   │  │  ├──泰和县(6)
   │  │  ├──遂川县(6)
   │  │  ├──万安县(6)
   │  │  ├──安福县(6)
   │  │  ├──永新县(6)
   │  │  └──井冈山市(6)
   │  ├──南昌市(5)
   │  │  ├──西湖区(6)
   │  │  ├──东湖区(6)
   │  │  ├──青云谱区(6)
   │  │  ├──湾里管理局(7)
   │  │  ├──青山湖区(6)
   │  │  ├──新建区(6)
   │  │  ├──红谷滩区(6)
   │  │  ├──南昌县(6)
   │  │  │  └──小蓝经开区(7)
   │  │  ├──安义县(6)
   │  │  ├──进贤县(6)
   │  │  ├──南昌高新区(7)
   │  │  └──南昌经开区(7)
   │  └──赣江新区直管区(7)
   ├──福建省(4)
   │  ├──龙岩市(5)
   │  │  ├──长汀县(6)
   │  │  ├──连城县(6)
   │  │  ├──上杭县(6)
   │  │  ├──武平县(6)
   │  │  ├──新罗区(6)
   │  │  ├──永定区(6)
   │  │  └──漳平市(6)
   │  ├──宁德市(5)
   │  │  ├──福安市(6)
   │  │  ├──周宁县(6)
   │  │  ├──古田县(6)
   │  │  ├──柘荣县(6)
   │  │  ├──霞浦县(6)
   │  │  ├──寿宁县(6)
   │  │  ├──屏南县(6)
   │  │  ├──福鼎市(6)
   │  │  └──蕉城区(6)
   │  ├──莆田市(5)
   │  │  ├──秀屿区(6)
   │  │  ├──涵江区(6)
   │  │  ├──仙游县(6)
   │  │  ├──荔城区(6)
   │  │  └──城厢区(6)
   │  ├──福州市(5)
   │  │  ├──鼓楼区(6)
   │  │  ├──福清市(6)
   │  │  ├──晋安区(6)
   │  │  ├──马尾区(6)
   │  │  ├──台江区(6)
   │  │  ├──永泰县(6)
   │  │  ├──闽侯县(6)
   │  │  ├──仓山区(6)
   │  │  ├──连江县(6)
   │  │  ├──长乐区(6)
   │  │  ├──闽清县(6)
   │  │  ├──罗源县(6)
   │  │  └──平潭县(6)
   │  ├──厦门市(5)
   │  │  ├──思明区(6)
   │  │  ├──海沧区(6)
   │  │  ├──湖里区(6)
   │  │  ├──集美区(6)
   │  │  ├──同安区(6)
   │  │  └──翔安区(6)
   │  ├──漳州市(5)
   │  │  ├──平和县(6)
   │  │  ├──诏安县(6)
   │  │  ├──南靖县(6)
   │  │  ├──漳浦县(6)
   │  │  ├──龙海区(6)
   │  │  ├──龙文区(6)
   │  │  ├──华安县(6)
   │  │  ├──芗城区(6)
   │  │  ├──云霄县(6)
   │  │  ├──东山县(6)
   │  │  └──长泰区(6)
   │  ├──南平市(5)
   │  │  ├──松溪县(6)
   │  │  ├──顺昌县(6)
   │  │  ├──光泽县(6)
   │  │  ├──邵武市(6)
   │  │  ├──延平区(6)
   │  │  ├──浦城县(6)
   │  │  ├──政和县(6)
   │  │  ├──武夷山市(6)
   │  │  ├──建阳区(6)
   │  │  └──建瓯市(6)
   │  ├──三明市(5)
   │  │  ├──宁化县(6)
   │  │  ├──清流县(6)
   │  │  ├──将乐县(6)
   │  │  ├──永安市(6)
   │  │  ├──泰宁县(6)
   │  │  ├──大田县(6)
   │  │  ├──建宁县(6)
   │  │  ├──三元区(6)
   │  │  ├──尤溪县(6)
   │  │  ├──明溪县(6)
   │  │  └──沙县区(6)
   │  ├──泉州市(5)
   │  │  ├──安溪县(6)
   │  │  ├──德化县(6)
   │  │  ├──惠安县(6)
   │  │  ├──晋江市(6)
   │  │  ├──鲤城区(6)
   │  │  ├──洛江区(6)
   │  │  ├──泉港区(6)
   │  │  ├──丰泽区(6)
   │  │  ├──南安市(6)
   │  │  ├──石狮市(6)
   │  │  └──永春县(6)
   │  └──平潭综合实验区(7)
   ├──浙江省(4)
   │  ├──丽水市(5)
   │  │  ├──莲都区(6)
   │  │  ├──青田县(6)
   │  │  ├──缙云县(6)
   │  │  ├──遂昌县(6)
   │  │  ├──松阳县(6)
   │  │  ├──云和县(6)
   │  │  ├──庆元县(6)
   │  │  ├──景宁畲族自治县(6)
   │  │  └──龙泉市(6)
   │  ├──台州市(5)
   │  │  ├──椒江区(6)
   │  │  │  └──台州商贸核心区(7)
   │  │  ├──黄岩区(6)
   │  │  ├──路桥区(6)
   │  │  ├──三门县(6)
   │  │  ├──天台县(6)
   │  │  ├──仙居县(6)
   │  │  ├──温岭市(6)
   │  │  ├──临海市(6)
   │  │  ├──玉环市(6)
   │  │  └──台州湾新区(6)
   │  │     ├──月湖绿岛片区(7)
   │  │     └──中央创新区(7)
   │  ├──舟山市（舟山群岛新区）(5)
   │  │  ├──定海区(6)
   │  │  ├──普陀区(6)
   │  │  ├──岱山县(6)
   │  │  └──嵊泗县(6)
   │  ├──衢州市(5)
   │  │  ├──柯城区(6)
   │  │  ├──衢江区(6)
   │  │  ├──常山县(6)
   │  │  ├──开化县(6)
   │  │  ├──龙游县(6)
   │  │  └──江山市(6)
   │  ├──金华市(5)
   │  │  ├──婺城区(6)
   │  │  ├──金东区(6)
   │  │  ├──兰溪市(6)
   │  │  ├──义乌市(6)
   │  │  ├──东阳市(6)
   │  │  ├──永康市(6)
   │  │  ├──武义县(6)
   │  │  ├──浦江县(6)
   │  │  └──磐安县(6)
   │  ├──绍兴市(5)
   │  │  ├──越城区(6)
   │  │  ├──柯桥区(6)
   │  │  ├──上虞区(6)
   │  │  ├──新昌县(6)
   │  │  ├──诸暨市(6)
   │  │  └──嵊州市(6)
   │  ├──湖州市(5)
   │  │  ├──吴兴区(6)
   │  │  ├──南浔区(6)
   │  │  ├──德清县(6)
   │  │  ├──长兴县(6)
   │  │  └──安吉县(6)
   │  ├──嘉兴市(5)
   │  │  ├──南湖区(6)
   │  │  ├──秀洲区(6)
   │  │  ├──嘉善县(6)
   │  │  ├──海盐县(6)
   │  │  ├──海宁市(6)
   │  │  ├──平湖市(6)
   │  │  └──桐乡市(6)
   │  ├──温州市(5)
   │  │  ├──鹿城区(6)
   │  │  ├──龙湾区(6)
   │  │  ├──瓯海区(6)
   │  │  ├──洞头区(6)
   │  │  ├──永嘉县(6)
   │  │  ├──平阳县(6)
   │  │  ├──苍南县(6)
   │  │  ├──文成县(6)
   │  │  ├──泰顺县(6)
   │  │  ├──瑞安市(6)
   │  │  ├──乐清市(6)
   │  │  └──龙港市(6)
   │  ├──宁波市(5)
   │  │  ├──海曙区(6)
   │  │  ├──江北区(6)
   │  │  ├──北仑区(6)
   │  │  ├──镇海区(6)
   │  │  ├──鄞州区(6)
   │  │  ├──奉化区(6)
   │  │  ├──象山县(6)
   │  │  ├──宁海县(6)
   │  │  ├──余姚市(6)
   │  │  └──慈溪市(6)
   │  └──杭州市(5)
   │     ├──上城区(6)
   │     ├──拱墅区(6)
   │     ├──西湖区(6)
   │     ├──滨江区(6)
   │     ├──萧山区(6)
   │     ├──余杭区(6)
   │     ├──富阳区(6)
   │     ├──临安区(6)
   │     ├──临平区(6)
   │     ├──钱塘区(6)
   │     ├──桐庐县(6)
   │     ├──淳安县(6)
   │     └──建德市(6)
   ├──江苏省(4)
   │  ├──南京市(5)
   │  │  ├──玄武区(6)
   │  │  ├──秦淮区(6)
   │  │  ├──建邺区(6)
   │  │  ├──鼓楼区(6)
   │  │  ├──浦口区(6)
   │  │  ├──栖霞区(6)
   │  │  ├──雨花台区(6)
   │  │  ├──江宁区(6)
   │  │  ├──六合区(6)
   │  │  ├──溧水区(6)
   │  │  └──高淳区(6)
   │  ├──苏州市(5)
   │  │  ├──虎丘区(6)
   │  │  ├──吴中区(6)
   │  │  ├──相城区(6)
   │  │  ├──姑苏区(6)
   │  │  ├──吴江区(6)
   │  │  ├──常熟市(6)
   │  │  ├──张家港市(6)
   │  │  ├──昆山市(6)
   │  │  ├──太仓市(6)
   │  │  └──苏州工业园区(6)
   │  ├──无锡市(5)
   │  │  ├──锡山区(6)
   │  │  ├──惠山区(6)
   │  │  ├──梁溪区(6)
   │  │  ├──滨湖区(6)
   │  │  ├──新吴区(6)
   │  │  ├──江阴市(6)
   │  │  │  └──江苏江阴临港经济开发区(7)
   │  │  └──宜兴市(6)
   │  ├──常州市(5)
   │  │  ├──天宁区(6)
   │  │  ├──钟楼区(6)
   │  │  │  └──江苏常州钟楼经济开发区(7)
   │  │  ├──新北区(6)
   │  │  │  └──常州滨江经济开发区(7)
   │  │  ├──武进区(6)
   │  │  │  └──武进高新区(7)
   │  │  ├──金坛区(6)
   │  │  │  └──江苏金坛经济开发区(7)
   │  │  ├──溧阳市(6)
   │  │  └──常州经济开发区(7)
   │  ├──镇江市(5)
   │  │  ├──京口区(6)
   │  │  ├──润州区(6)
   │  │  ├──丹徒区(6)
   │  │  ├──丹阳市(6)
   │  │  ├──扬中市(6)
   │  │  ├──句容市(6)
   │  │  └──镇江新区(7)
   │  ├──南通市(5)
   │  │  ├──崇川区(6)
   │  │  ├──通州区(6)
   │  │  ├──海门区(6)
   │  │  ├──海安市(6)
   │  │  ├──如皋市(6)
   │  │  ├──如东县(6)
   │  │  └──启东市(6)
   │  ├──扬州市(5)
   │  │  ├──广陵区(6)
   │  │  ├──邗江区(6)
   │  │  ├──江都区(6)
   │  │  ├──宝应县(6)
   │  │  ├──仪征市(6)
   │  │  └──高邮市(6)
   │  ├──泰州市(5)
   │  │  ├──海陵区(6)
   │  │  ├──高港区(6)
   │  │  ├──姜堰区(6)
   │  │  ├──兴化市(6)
   │  │  ├──靖江市(6)
   │  │  └──泰兴市(6)
   │  ├──徐州市(5)
   │  │  ├──鼓楼区(6)
   │  │  ├──云龙区(6)
   │  │  ├──贾汪区(6)
   │  │  ├──泉山区(6)
   │  │  ├──铜山区(6)
   │  │  ├──丰县(6)
   │  │  ├──沛县(6)
   │  │  ├──睢宁县(6)
   │  │  ├──新沂市(6)
   │  │  ├──邳州市(6)
   │  │  └──徐州经济技术开发区(7)
   │  ├──连云港市(5)
   │  │  ├──连云区(6)
   │  │  ├──海州区(6)
   │  │  ├──赣榆区(6)
   │  │  ├──东海县(6)
   │  │  ├──灌云县(6)
   │  │  └──灌南县(6)
   │  ├──淮安市(5)
   │  │  ├──淮安区(6)
   │  │  ├──淮阴区(6)
   │  │  ├──清江浦区(6)
   │  │  ├──洪泽区(6)
   │  │  ├──涟水县(6)
   │  │  ├──盱眙县(6)
   │  │  ├──金湖县(6)
   │  │  └──淮安经济技术开发区(7)
   │  ├──盐城市(5)
   │  │  ├──亭湖区(6)
   │  │  ├──盐都区(6)
   │  │  ├──大丰区(6)
   │  │  ├──响水县(6)
   │  │  ├──滨海县(6)
   │  │  ├──阜宁县(6)
   │  │  ├──射阳县(6)
   │  │  ├──建湖县(6)
   │  │  └──东台市(6)
   │  └──宿迁市(5)
   │     ├──宿城区(6)
   │     ├──宿豫区(6)
   │     ├──沭阳县(6)
   │     ├──泗阳县(6)
   │     └──泗洪县(6)
   ├──安徽省(4)
   │  ├──合肥市(5)
   │  │  ├──瑶海区(6)
   │  │  ├──庐阳区(6)
   │  │  ├──蜀山区(6)
   │  │  │  └──合肥高新技术产业开发区(7)
   │  │  ├──包河区(6)
   │  │  ├──长丰县(6)
   │  │  ├──肥东县(6)
   │  │  ├──肥西县(6)
   │  │  ├──庐江县(6)
   │  │  └──巢湖市(6)
   │  ├──芜湖市(5)
   │  │  ├──镜湖区(6)
   │  │  ├──弋江区(6)
   │  │  ├──南陵县(6)
   │  │  ├──鸠江区(6)
   │  │  ├──繁昌区(6)
   │  │  ├──无为市(6)
   │  │  └──湾沚区(6)
   │  ├──蚌埠市(5)
   │  │  ├──龙子湖区(6)
   │  │  ├──蚌山区(6)
   │  │  ├──禹会区(6)
   │  │  ├──淮上区(6)
   │  │  ├──怀远县(6)
   │  │  ├──五河县(6)
   │  │  └──固镇县(6)
   │  ├──淮南市(5)
   │  │  ├──大通区(6)
   │  │  ├──田家庵区(6)
   │  │  ├──谢家集区(6)
   │  │  ├──八公山区(6)
   │  │  ├──潘集区(6)
   │  │  ├──凤台县(6)
   │  │  └──寿县(6)
   │  ├──马鞍山市(5)
   │  │  ├──花山区(6)
   │  │  │  └──慈湖高新技术产业开发区(7)
   │  │  ├──雨山区(6)
   │  │  │  ├──雨山经济开发区(7)
   │  │  │  └──马鞍山市经济技术开发区(7)
   │  │  ├──博望区(6)
   │  │  ├──当涂县(6)
   │  │  ├──含山县(6)
   │  │  └──和县(6)
   │  ├──淮北市(5)
   │  │  ├──杜集区(6)
   │  │  ├──相山区(6)
   │  │  ├──烈山区(6)
   │  │  └──濉溪县(6)
   │  ├──铜陵市(5)
   │  │  ├──郊区(6)
   │  │  ├──义安区(6)
   │  │  ├──铜官区(6)
   │  │  └──枞阳县(6)
   │  ├──安庆市(5)
   │  │  ├──迎江区(6)
   │  │  ├──大观区(6)
   │  │  ├──宜秀区(6)
   │  │  ├──怀宁县(6)
   │  │  ├──太湖县(6)
   │  │  ├──宿松县(6)
   │  │  ├──望江县(6)
   │  │  ├──岳西县(6)
   │  │  ├──桐城市(6)
   │  │  └──潜山市(6)
   │  ├──黄山市(5)
   │  │  ├──屯溪区(6)
   │  │  ├──黄山区(6)
   │  │  ├──徽州区(6)
   │  │  ├──歙县(6)
   │  │  ├──休宁县(6)
   │  │  ├──黟县(6)
   │  │  └──祁门县(6)
   │  ├──滁州市(5)
   │  │  ├──琅琊区(6)
   │  │  ├──南谯区(6)
   │  │  ├──来安县(6)
   │  │  ├──全椒县(6)
   │  │  ├──定远县(6)
   │  │  ├──凤阳县(6)
   │  │  ├──天长市(6)
   │  │  └──明光市(6)
   │  ├──阜阳市(5)
   │  │  ├──太和县(6)
   │  │  ├──颍泉区(6)
   │  │  ├──颍东区(6)
   │  │  ├──临泉县(6)
   │  │  ├──颍上县(6)
   │  │  ├──阜南县(6)
   │  │  ├──界首市(6)
   │  │  └──颍州区(6)
   │  ├──宿州市(5)
   │  │  ├──埇桥区(6)
   │  │  ├──砀山县(6)
   │  │  ├──萧县(6)
   │  │  ├──灵璧县(6)
   │  │  └──泗县(6)
   │  ├──六安市(5)
   │  │  ├──金安区(6)
   │  │  ├──裕安区(6)
   │  │  ├──叶集区(6)
   │  │  ├──霍邱县(6)
   │  │  ├──舒城县(6)
   │  │  │  └──舒城经济开发区(7)
   │  │  ├──金寨县(6)
   │  │  └──霍山县(6)
   │  ├──亳州市(5)
   │  │  ├──谯城区(6)
   │  │  ├──涡阳县(6)
   │  │  ├──蒙城县(6)
   │  │  └──利辛县(6)
   │  ├──池州市(5)
   │  │  ├──东至县(6)
   │  │  ├──青阳县(6)
   │  │  ├──石台县(6)
   │  │  └──贵池区(6)
   │  └──宣城市(5)
   │     ├──宣州区(6)
   │     ├──郎溪县(6)
   │     ├──泾县(6)
   │     ├──绩溪县(6)
   │     ├──旌德县(6)
   │     ├──宁国市(6)
   │     ├──广德市(6)
   │     └──宣城市经济开发区(7)
   └──臺灣(2)
      ├──臺北市(4)
      │  ├──北投區(7)
      │  ├──中山區(7)
      │  ├──內湖區(7)
      │  ├──大同區(7)
      │  ├──萬華區(7)
      │  ├──中正區(7)
      │  ├──大安區(7)
      │  ├──松山區(7)
      │  ├──南港區(7)
      │  ├──信義區(7)
      │  ├──文山區(7)
      │  └──士林區(7)
      ├──新北市(4)
      │  ├──新莊區(7)
      │  ├──三重區(7)
      │  ├──五股區(7)
      │  ├──蘆洲區(7)
      │  ├──泰山區(7)
      │  ├──八里區(7)
      │  ├──林口區(7)
      │  ├──樹林區(7)
      │  ├──鶯歌區(7)
      │  ├──板橋區(7)
      │  ├──中和區(7)
      │  ├──永和區(7)
      │  ├──土城區(7)
      │  ├──三峽區(7)
      │  ├──深坑區(7)
      │  ├──石碇區(7)
      │  ├──坪林區(7)
      │  ├──新店區(7)
      │  ├──烏來區(7)
      │  ├──三芝區(7)
      │  ├──淡水區(7)
      │  ├──石門區(7)
      │  ├──金山區(7)
      │  ├──萬里區(7)
      │  ├──汐止區(7)
      │  ├──平溪區(7)
      │  ├──瑞芳區(7)
      │  ├──貢寮區(7)
      │  └──雙溪區(7)
      ├──臺中市(4)
      │  ├──和平區(7)
      │  ├──太平區(7)
      │  ├──東勢區(7)
      │  ├──霧峰區(7)
      │  ├──新社區(7)
      │  ├──清水區(7)
      │  ├──北屯區(7)
      │  ├──后里區(7)
      │  ├──大甲區(7)
      │  ├──烏日區(7)
      │  ├──外埔區(7)
      │  ├──豐原區(7)
      │  ├──沙鹿區(7)
      │  ├──西屯區(7)
      │  ├──龍井區(7)
      │  ├──大肚區(7)
      │  ├──神岡區(7)
      │  ├──大雅區(7)
      │  ├──南屯區(7)
      │  ├──大里區(7)
      │  ├──大安區(7)
      │  ├──潭子區(7)
      │  ├──石岡區(7)
      │  ├──梧棲區(7)
      │  ├──東區(7)
      │  ├──北區(7)
      │  ├──南區(7)
      │  ├──西區(7)
      │  └──中區(7)
      ├──臺南市(4)
      │  ├──中西區(7)
      │  ├──北區(7)
      │  ├──東區(7)
      │  ├──南區(7)
      │  ├──安平區(7)
      │  ├──安南區(7)
      │  ├──永康區(7)
      │  ├──歸仁區(7)
      │  ├──新化區(7)
      │  ├──左鎮區(7)
      │  ├──玉井區(7)
      │  ├──楠西區(7)
      │  ├──南化區(7)
      │  ├──仁德區(7)
      │  ├──關廟區(7)
      │  ├──龍崎區(7)
      │  ├──官田區(7)
      │  ├──麻豆區(7)
      │  ├──佳里區(7)
      │  ├──西港區(7)
      │  ├──七股區(7)
      │  ├──將軍區(7)
      │  ├──學甲區(7)
      │  ├──北門區(7)
      │  ├──新營區(7)
      │  ├──後壁區(7)
      │  ├──白河區(7)
      │  ├──東山區(7)
      │  ├──六甲區(7)
      │  ├──下營區(7)
      │  ├──柳營區(7)
      │  ├──鹽水區(7)
      │  ├──善化區(7)
      │  ├──大內區(7)
      │  ├──山上區(7)
      │  ├──新市區(7)
      │  └──安定區(7)
      ├──高雄市(4)
      │  ├──新興區(7)
      │  ├──前金區(7)
      │  ├──苓雅區(7)
      │  ├──鹽埕區(7)
      │  ├──鼓山區(7)
      │  ├──旗津區(7)
      │  ├──前鎮區(7)
      │  ├──三民區(7)
      │  ├──楠梓區(7)
      │  ├──小港區(7)
      │  ├──左營區(7)
      │  ├──仁武區(7)
      │  ├──大社區(7)
      │  ├──岡山區(7)
      │  ├──路竹區(7)
      │  ├──阿蓮區(7)
      │  ├──田寮區(7)
      │  ├──燕巢區(7)
      │  ├──橋頭區(7)
      │  ├──梓官區(7)
      │  ├──彌陀區(7)
      │  ├──永安區(7)
      │  ├──湖內區(7)
      │  ├──鳳山區(7)
      │  ├──大寮區(7)
      │  ├──林園區(7)
      │  ├──鳥松區(7)
      │  ├──大樹區(7)
      │  ├──旗山區(7)
      │  ├──美濃區(7)
      │  ├──六龜區(7)
      │  ├──內門區(7)
      │  ├──杉林區(7)
      │  ├──甲仙區(7)
      │  ├──桃源區(7)
      │  ├──那瑪夏區(7)
      │  ├──茂林區(7)
      │  └──茄萣區(7)
      ├──桃園市(4)
      │  ├──大園區(7)
      │  ├──中壢區(7)
      │  ├──平鎮區(7)
      │  ├──楊梅區(7)
      │  ├──龍潭區(7)
      │  ├──觀音區(7)
      │  ├──大溪區(7)
      │  ├──復興區(7)
      │  ├──新屋區(7)
      │  ├──桃園區(7)
      │  ├──蘆竹區(7)
      │  ├──龜山區(7)
      │  └──八德區(7)
      ├──彰化縣(4)
      ├──嘉義市(4)
      │  ├──西區(7)
      │  └──東區(7)
      ├──嘉義縣(4)
      ├──新竹市(4)
      │  ├──北區(7)
      │  ├──東區(7)
      │  └──香山區(7)
      ├──新竹縣(4)
      ├──花蓮縣(4)
      ├──基隆市(4)
      │  ├──七堵區(7)
      │  ├──中山區(7)
      │  ├──中正區(7)
      │  ├──仁愛區(7)
      │  ├──安樂區(7)
      │  ├──暖暖區(7)
      │  └──信義區(7)
      ├──金門縣(4)
      ├──連江縣(4)
      ├──苗栗縣(4)
      ├──南投縣(4)
      ├──澎湖縣(4)
      ├──屏東縣(4)
      ├──臺東縣(4)
      ├──宜蘭縣(4)
      └──雲林縣(4)
save to database start 2025-06-29 00:57:51.303206
save relation finished 2025-06-29 01:02:23.881278
